"../../../Engine/Content/EditorResources/S_Actor.ubulk" 0
"../../../Engine/Content/EditorResources/S_Actor.uasset" 1
"../../../Engine/Content/EditorResources/S_Actor.uexp" 2
"../../../Engine/Content/EditorResources/S_BoxReflectionCapture.uasset" 3
"../../../Engine/Content/EditorResources/S_BoxReflectionCapture.uexp" 4
"../../../Engine/Content/EngineResources/DefaultTexture.ubulk" 5
"../../../Engine/Content/EngineResources/DefaultTexture.uasset" 6
"../../../Engine/Content/EngineResources/DefaultTexture.uexp" 7
"../../../Engine/Content/EngineResources/DefaultTextureCube.uasset" 8
"../../../Engine/Content/EngineResources/DefaultTextureCube.uexp" 9
"../../../Engine/Content/EngineResources/DefaultVolumeTexture2D.uasset" 10
"../../../Engine/Content/EngineResources/DefaultVolumeTexture2D.uexp" 11
"../../../Engine/Content/EngineResources/DefaultVolumeTexture.uasset" 12
"../../../Engine/Content/EngineResources/DefaultVolumeTexture.uexp" 13
"../../../Engine/Content/EditorResources/S_Trigger.ubulk" 14
"../../../Engine/Content/EditorResources/S_Trigger.uasset" 15
"../../../Engine/Content/EditorResources/S_Trigger.uexp" 16
"../../../Engine/Content/EditorResources/S_TriggerBox.uasset" 17
"../../../Engine/Content/EditorResources/S_TriggerBox.uexp" 18
"../../../Engine/Content/EditorResources/S_TriggerCapsule.uasset" 19
"../../../Engine/Content/EditorResources/S_TriggerCapsule.uexp" 20
"../../../Engine/Content/EditorResources/S_TriggerSphere.uasset" 21
"../../../Engine/Content/EditorResources/S_TriggerSphere.uexp" 22
"../../../Engine/Content/EngineMeshes/Sphere.ubulk" 23
"../../../Engine/Content/EngineMeshes/Sphere.uasset" 24
"../../../Engine/Content/EngineMeshes/Sphere.uexp" 25
"../../../Engine/Content/EngineResources/GradientTexture0.uasset" 26
"../../../Engine/Content/EngineResources/GradientTexture0.uexp" 27
"../../../Engine/Content/EngineResources/Black.uasset" 28
"../../../Engine/Content/EngineResources/Black.uexp" 29
"../../../Engine/Content/VREditor/LaserPointer/VR_LaserPower_01.ubulk" 30
"../../../Engine/Content/VREditor/LaserPointer/VR_LaserPower_01.uasset" 31
"../../../Engine/Content/VREditor/LaserPointer/VR_LaserPower_01.uexp" 32
"../../../Engine/Content/VREditor/TransformGizmo/TransformGizmoMaterial.uasset" 33
"../../../Engine/Content/VREditor/TransformGizmo/TransformGizmoMaterial.uexp" 34
"../../../Engine/Content/VREditor/TransformGizmo/TranslucentTransformGizmoMaterial.uasset" 35
"../../../Engine/Content/VREditor/TransformGizmo/TranslucentTransformGizmoMaterial.uexp" 36
"../../../Engine/Content/VREditor/TransformGizmo/PlaneTranslationHandle.ubulk" 37
"../../../Engine/Content/VREditor/TransformGizmo/PlaneTranslationHandle.uasset" 38
"../../../Engine/Content/VREditor/TransformGizmo/PlaneTranslationHandle.uexp" 39
"../../../Engine/Content/VREditor/TransformGizmo/BoundingBoxCorner.ubulk" 40
"../../../Engine/Content/VREditor/TransformGizmo/BoundingBoxCorner.uasset" 41
"../../../Engine/Content/VREditor/TransformGizmo/BoundingBoxCorner.uexp" 42
"../../../Engine/Content/VREditor/TransformGizmo/BoundingBoxEdge.ubulk" 43
"../../../Engine/Content/VREditor/TransformGizmo/BoundingBoxEdge.uasset" 44
"../../../Engine/Content/VREditor/TransformGizmo/BoundingBoxEdge.uexp" 45
"../../../Engine/Content/VREditor/TransformGizmo/Main.uasset" 46
"../../../Engine/Content/VREditor/TransformGizmo/Main.uexp" 47
"../../../Engine/Content/VREditor/TransformGizmo/Xray.uasset" 48
"../../../Engine/Content/VREditor/TransformGizmo/Xray.uexp" 49
"../../../Engine/Content/VREditor/TransformGizmo/SM_Sequencer_Node.ubulk" 50
"../../../Engine/Content/VREditor/TransformGizmo/SM_Sequencer_Node.uasset" 51
"../../../Engine/Content/VREditor/TransformGizmo/SM_Sequencer_Node.uexp" 52
"../../../Engine/Content/EditorMaterials/Camera/CineMat.uasset" 53
"../../../Engine/Content/EditorMaterials/Camera/CineMat.uexp" 54
"../../../Engine/Content/EditorMaterials/Camera/MI_CineMat_Rig.uasset" 55
"../../../Engine/Content/EditorMaterials/Camera/MI_CineMat_Rig.uexp" 56
"../../../Engine/Content/EditorMeshes/Camera/SM_CraneRig_Base.ubulk" 57
"../../../Engine/Content/EditorMeshes/Camera/SM_CraneRig_Base.uasset" 58
"../../../Engine/Content/EditorMeshes/Camera/SM_CraneRig_Base.uexp" 59
"../../../Engine/Content/EditorMeshes/Camera/SM_CraneRig_Arm.ubulk" 60
"../../../Engine/Content/EditorMeshes/Camera/SM_CraneRig_Arm.uasset" 61
"../../../Engine/Content/EditorMeshes/Camera/SM_CraneRig_Arm.uexp" 62
"../../../Engine/Content/EditorMeshes/Camera/SM_CraneRig_Mount.ubulk" 63
"../../../Engine/Content/EditorMeshes/Camera/SM_CraneRig_Mount.uasset" 64
"../../../Engine/Content/EditorMeshes/Camera/SM_CraneRig_Mount.uexp" 65
"../../../Engine/Content/EditorMeshes/Camera/SM_CraneRig_Body.ubulk" 66
"../../../Engine/Content/EditorMeshes/Camera/SM_CraneRig_Body.uasset" 67
"../../../Engine/Content/EditorMeshes/Camera/SM_CraneRig_Body.uexp" 68
"../../../Engine/Content/EditorMeshes/Camera/SM_RailRig_Track.ubulk" 69
"../../../Engine/Content/EditorMeshes/Camera/SM_RailRig_Track.uasset" 70
"../../../Engine/Content/EditorMeshes/Camera/SM_RailRig_Track.uexp" 71
"../../../Engine/Content/EditorMeshes/Camera/SM_RailRig_Mount.ubulk" 72
"../../../Engine/Content/EditorMeshes/Camera/SM_RailRig_Mount.uasset" 73
"../../../Engine/Content/EditorMeshes/Camera/SM_RailRig_Mount.uexp" 74
"../../../Engine/Content/EngineMaterials/T_Default_Material_Grid_M.ubulk" 75
"../../../Engine/Content/EngineMaterials/T_Default_Material_Grid_M.uasset" 76
"../../../Engine/Content/EngineMaterials/T_Default_Material_Grid_M.uexp" 77
"../../../Engine/Content/EngineMaterials/T_Default_Material_Grid_N.ubulk" 78
"../../../Engine/Content/EngineMaterials/T_Default_Material_Grid_N.uasset" 79
"../../../Engine/Content/EngineMaterials/T_Default_Material_Grid_N.uexp" 80
"../../../Engine/Content/Functions/Engine_MaterialFunctions01/Opacity/CameraDepthFade.uasset" 81
"../../../Engine/Content/Functions/Engine_MaterialFunctions01/Opacity/CameraDepthFade.uexp" 82
"../../../Engine/Content/EngineMaterials/WorldGridMaterial.uasset" 83
"../../../Engine/Content/EngineMaterials/WorldGridMaterial.uexp" 84
"../../../Engine/Content/ArtTools/RenderToTexture/Meshes/S_1_Unit_Plane.ubulk" 85
"../../../Engine/Content/ArtTools/RenderToTexture/Meshes/S_1_Unit_Plane.uasset" 86
"../../../Engine/Content/ArtTools/RenderToTexture/Meshes/S_1_Unit_Plane.uexp" 87
"../../../Engine/Content/EditorMaterials/ParticleSystems/PSysThumbnail_NoImage.ubulk" 88
"../../../Engine/Content/EditorMaterials/ParticleSystems/PSysThumbnail_NoImage.uasset" 89
"../../../Engine/Content/EditorMaterials/ParticleSystems/PSysThumbnail_NoImage.uexp" 90
"../../../Engine/Content/EditorMaterials/ParticleSystems/PSysThumbnail_OOD.ubulk" 91
"../../../Engine/Content/EditorMaterials/ParticleSystems/PSysThumbnail_OOD.uasset" 92
"../../../Engine/Content/EditorMaterials/ParticleSystems/PSysThumbnail_OOD.uexp" 93
"../../../Engine/Content/EditorLandscapeResources/SplineEditorMeshMat.uasset" 94
"../../../Engine/Content/EditorLandscapeResources/SplineEditorMeshMat.uexp" 95
"../../../Engine/Content/EditorLandscapeResources/SplineEditorMesh.ubulk" 96
"../../../Engine/Content/EditorLandscapeResources/SplineEditorMesh.uasset" 97
"../../../Engine/Content/EditorLandscapeResources/SplineEditorMesh.uexp" 98
"../../../Engine/Content/EditorMeshes/EditorSphere.ubulk" 99
"../../../Engine/Content/EditorMeshes/EditorSphere.uasset" 100
"../../../Engine/Content/EditorMeshes/EditorSphere.uexp" 101
"../../../Engine/Content/EditorResources/S_Solver.ubulk" 102
"../../../Engine/Content/EditorResources/S_Solver.uasset" 103
"../../../Engine/Content/EditorResources/S_Solver.uexp" 104
"../../../Engine/Plugins/Media/MediaPlate/Content/SM_MediaPlateScreen.ubulk" 105
"../../../Engine/Plugins/Media/MediaPlate/Content/SM_MediaPlateScreen.uasset" 106
"../../../Engine/Plugins/Media/MediaPlate/Content/SM_MediaPlateScreen.uexp" 107
"../../../Engine/Content/EngineMaterials/Good64x64TilingNoiseHighFreq.uasset" 108
"../../../Engine/Content/EngineMaterials/Good64x64TilingNoiseHighFreq.uexp" 109
"../../../Engine/Content/EngineMaterials/DefaultBokeh.uasset" 110
"../../../Engine/Content/EngineMaterials/DefaultBokeh.uexp" 111
"../../../Engine/Content/EngineMaterials/PreintegratedSkinBRDF.uasset" 112
"../../../Engine/Content/EngineMaterials/PreintegratedSkinBRDF.uexp" 113
"../../../Engine/Content/EngineMaterials/MiniFont.uasset" 114
"../../../Engine/Content/EngineMaterials/MiniFont.uexp" 115
"../../../Engine/Content/EngineMaterials/WeightMapPlaceholderTexture.uasset" 116
"../../../Engine/Content/EngineMaterials/WeightMapPlaceholderTexture.uexp" 117
"../../../Engine/Content/EngineMaterials/DefaultWhiteGrid.ubulk" 118
"../../../Engine/Content/EngineMaterials/DefaultWhiteGrid.uasset" 119
"../../../Engine/Content/EngineMaterials/DefaultWhiteGrid.uexp" 120
"../../../Engine/Content/Animation/DefaultRecorderBoneCompression.uasset" 121
"../../../Engine/Content/Animation/DefaultRecorderBoneCompression.uexp" 122
"../../../Engine/Content/Animation/DefaultAnimCurveCompressionSettings.uasset" 123
"../../../Engine/Content/Animation/DefaultAnimCurveCompressionSettings.uexp" 124
"../../../Engine/Content/Animation/DefaultAnimBoneCompressionSettings.uasset" 125
"../../../Engine/Content/Animation/DefaultAnimBoneCompressionSettings.uexp" 126
"../../../Engine/Content/EngineMaterials/DefaultMaterial.uasset" 127
"../../../Engine/Content/EngineMaterials/DefaultMaterial.uexp" 128
"../../../Engine/Content/BasicShapes/Sphere.ubulk" 129
"../../../Engine/Content/BasicShapes/Sphere.uasset" 130
"../../../Engine/Content/BasicShapes/Sphere.uexp" 131
"../../../Engine/Content/BasicShapes/Plane.ubulk" 132
"../../../Engine/Content/BasicShapes/Plane.uasset" 133
"../../../Engine/Content/BasicShapes/Plane.uexp" 134
"../../../Engine/Content/BasicShapes/Cylinder.ubulk" 135
"../../../Engine/Content/BasicShapes/Cylinder.uasset" 136
"../../../Engine/Content/BasicShapes/Cylinder.uexp" 137
"../../../Engine/Content/BasicShapes/Cube.ubulk" 138
"../../../Engine/Content/BasicShapes/Cube.uasset" 139
"../../../Engine/Content/BasicShapes/Cube.uexp" 140
"../../../Engine/Content/BasicShapes/Cone.ubulk" 141
"../../../Engine/Content/BasicShapes/Cone.uasset" 142
"../../../Engine/Content/BasicShapes/Cone.uexp" 143
"../../../Engine/Content/EditorLandscapeResources/DefaultAlphaTexture.uasset" 144
"../../../Engine/Content/EditorLandscapeResources/DefaultAlphaTexture.uexp" 145
"../../../Engine/Content/EditorLandscapeResources/DataLayer.uasset" 146
"../../../Engine/Content/EditorLandscapeResources/DataLayer.uexp" 147
"../../../Engine/Content/EditorMaterials/PreviewShadowIndicator.ubulk" 148
"../../../Engine/Content/EditorMaterials/PreviewShadowIndicator.uasset" 149
"../../../Engine/Content/EditorMaterials/PreviewShadowIndicator.uexp" 150
"../../../Engine/Content/EditorMaterials/PreviewShadowIndicatorMaterial.uasset" 151
"../../../Engine/Content/EditorMaterials/PreviewShadowIndicatorMaterial.uexp" 152
"../../../Engine/Content/EditorMaterials/PhAT_UnselectedMaterial.uasset" 153
"../../../Engine/Content/EditorMaterials/PhAT_UnselectedMaterial.uexp" 154
"../../../Engine/Content/EditorMaterials/PhAT_NoCollisionMaterial.uasset" 155
"../../../Engine/Content/EditorMaterials/PhAT_NoCollisionMaterial.uexp" 156
"../../../Engine/Content/Functions/Engine_MaterialFunctions02/Utility/MakeFloat4.uasset" 157
"../../../Engine/Content/Functions/Engine_MaterialFunctions02/Utility/MakeFloat4.uexp" 158
"../../../Engine/Content/Functions/Engine_MaterialFunctions02/Utility/MakeFloat3.uasset" 159
"../../../Engine/Content/Functions/Engine_MaterialFunctions02/Utility/MakeFloat3.uexp" 160
"../../../Engine/Content/Functions/Engine_MaterialFunctions02/Utility/BreakOutFloat3Components.uasset" 161
"../../../Engine/Content/Functions/Engine_MaterialFunctions02/Utility/BreakOutFloat3Components.uexp" 162
"../../../Engine/Content/EditorMaterials/WorldPartition/WorldPartitionSpatialHashGridPreviewMaterial.uasset" 163
"../../../Engine/Content/EditorMaterials/WorldPartition/WorldPartitionSpatialHashGridPreviewMaterial.uexp" 164
"../../../Engine/Content/EditorResources/S_Terrain.ubulk" 165
"../../../Engine/Content/EditorResources/S_Terrain.uasset" 166
"../../../Engine/Content/EditorResources/S_Terrain.uexp" 167
"../../../Engine/Content/EditorResources/BSPVertex.uasset" 168
"../../../Engine/Content/EditorResources/BSPVertex.uexp" 169
"../../../Engine/Content/EditorResources/SequenceRecorder/RecordingIndicator.uasset" 170
"../../../Engine/Content/EditorResources/SequenceRecorder/RecordingIndicator.uexp" 171
"../../../Engine/Content/EditorResources/SequenceRecorder/Countdown.uasset" 172
"../../../Engine/Content/EditorResources/SequenceRecorder/Countdown.uexp" 173
"../../../Engine/Content/EngineDamageTypes/DmgTypeBP_Environmental.uasset" 174
"../../../Engine/Content/EngineDamageTypes/DmgTypeBP_Environmental.uexp" 175
"../../../Engine/Content/Functions/Engine_MaterialFunctions02/Utility/CameraDirectionVector.uasset" 176
"../../../Engine/Content/Functions/Engine_MaterialFunctions02/Utility/CameraDirectionVector.uexp" 177
"../../../Engine/Content/EngineDebugMaterials/VolumeToRender.uasset" 178
"../../../Engine/Content/EngineDebugMaterials/VolumeToRender.uexp" 179
"../../../Engine/Content/EngineDebugMaterials/M_VolumeRenderSphereTracePP.uasset" 180
"../../../Engine/Content/EngineDebugMaterials/M_VolumeRenderSphereTracePP.uexp" 181
"../../../Engine/Content/EngineDebugMaterials/M_SimpleUnlitTranslucent.uasset" 182
"../../../Engine/Content/EngineDebugMaterials/M_SimpleUnlitTranslucent.uexp" 183
"../../../Engine/Content/EngineDebugMaterials/DebugMeshMaterial.uasset" 184
"../../../Engine/Content/EngineDebugMaterials/DebugMeshMaterial.uexp" 185
"../../../Engine/Content/EngineDebugMaterials/DebugEditorMaterial.uasset" 186
"../../../Engine/Content/EngineDebugMaterials/DebugEditorMaterial.uexp" 187
"../../../Engine/Content/EngineFonts/Faces/RobotoLight.uexp" 188
"../../../Engine/Content/EngineFonts/Faces/RobotoLight.uasset" 189
"../../../Engine/Content/EngineFonts/Faces/RobotoLight.ufont" 190
"../../../Engine/Content/EngineFonts/Faces/RobotoBold.uexp" 191
"../../../Engine/Content/EngineFonts/Faces/RobotoBold.uasset" 192
"../../../Engine/Content/EngineFonts/Faces/RobotoBold.ufont" 193
"../../../Engine/Content/EngineFonts/Faces/RobotoRegular.uexp" 194
"../../../Engine/Content/EngineFonts/Faces/RobotoRegular.uasset" 195
"../../../Engine/Content/EngineFonts/Faces/RobotoRegular.ufont" 196
"../../../Engine/Content/EngineFonts/Faces/DroidSansFallback.uexp" 197
"../../../Engine/Content/EngineFonts/Faces/DroidSansFallback.uasset" 198
"../../../Engine/Content/EngineFonts/Faces/DroidSansFallback.ufont" 199
"../../../Engine/Content/EngineFonts/Faces/RobotoItalic.uexp" 200
"../../../Engine/Content/EngineFonts/Faces/RobotoItalic.uasset" 201
"../../../Engine/Content/EngineFonts/Faces/RobotoItalic.ufont" 202
"../../../Engine/Content/EngineFonts/Faces/RobotoBoldItalic.uexp" 203
"../../../Engine/Content/EngineFonts/Faces/RobotoBoldItalic.uasset" 204
"../../../Engine/Content/EngineFonts/Faces/RobotoBoldItalic.ufont" 205
"../../../Engine/Content/EngineFonts/Roboto.uasset" 206
"../../../Engine/Content/EngineFonts/Roboto.uexp" 207
"../../../Engine/Content/EngineResources/WhiteSquareTexture.uasset" 208
"../../../Engine/Content/EngineResources/WhiteSquareTexture.uexp" 209
"../../../Engine/Content/EngineMaterials/Widget3DPassThrough.uasset" 210
"../../../Engine/Content/EngineMaterials/Widget3DPassThrough.uexp" 211
"../../../Engine/Content/EngineMaterials/Widget3DPassThrough_Translucent.uasset" 212
"../../../Engine/Content/EngineMaterials/Widget3DPassThrough_Translucent.uexp" 213
"../../../Engine/Content/EngineMaterials/Widget3DPassThrough_Translucent_OneSided.uasset" 214
"../../../Engine/Content/EngineMaterials/Widget3DPassThrough_Translucent_OneSided.uexp" 215
"../../../Engine/Content/EngineMaterials/Widget3DPassThrough_Opaque.uasset" 216
"../../../Engine/Content/EngineMaterials/Widget3DPassThrough_Opaque.uexp" 217
"../../../Engine/Content/EngineMaterials/Widget3DPassThrough_Opaque_OneSided.uasset" 218
"../../../Engine/Content/EngineMaterials/Widget3DPassThrough_Opaque_OneSided.uexp" 219
"../../../Engine/Content/EngineMaterials/Widget3DPassThrough_Masked_OneSided.uasset" 220
"../../../Engine/Content/EngineMaterials/Widget3DPassThrough_Masked_OneSided.uexp" 221
"../../../Engine/Content/EngineMaterials/Widget3DPassThrough_Masked.uasset" 222
"../../../Engine/Content/EngineMaterials/Widget3DPassThrough_Masked.uexp" 223
"../../../Engine/Content/EngineMaterials/STBlueNoise_vec2_128x128x64.uasset" 224
"../../../Engine/Content/EngineMaterials/STBlueNoise_vec2_128x128x64.uexp" 225
"../../../Engine/Content/EngineMaterials/STBlueNoise_scalar_128x128x64.uasset" 226
"../../../Engine/Content/EngineMaterials/STBlueNoise_scalar_128x128x64.uexp" 227
"../../../Engine/Content/EngineMaterials/RemoveSurfaceMaterial.uasset" 228
"../../../Engine/Content/EngineMaterials/RemoveSurfaceMaterial.uexp" 229
"../../../Engine/Content/EngineMaterials/DefaultCalibrationGrayscale.uasset" 230
"../../../Engine/Content/EngineMaterials/DefaultCalibrationGrayscale.uexp" 231
"../../../Engine/Content/EngineMaterials/PPM_DefaultCalibrationGrayscale.uasset" 232
"../../../Engine/Content/EngineMaterials/PPM_DefaultCalibrationGrayscale.uexp" 233
"../../../Engine/Content/EngineMaterials/DefaultCalibrationColor.uasset" 234
"../../../Engine/Content/EngineMaterials/DefaultCalibrationColor.uexp" 235
"../../../Engine/Content/EngineMaterials/PPM_DefaultCalibrationColor.uasset" 236
"../../../Engine/Content/EngineMaterials/PPM_DefaultCalibrationColor.uexp" 237
"../../../Engine/Content/Functions/Engine_MaterialFunctions02/WorldPositionOffset/CameraOffset.uasset" 238
"../../../Engine/Content/Functions/Engine_MaterialFunctions02/WorldPositionOffset/CameraOffset.uexp" 239
"../../../Engine/Content/EngineMaterials/PhAT_JointLimitMaterial.uasset" 240
"../../../Engine/Content/EngineMaterials/PhAT_JointLimitMaterial.uexp" 241
"../../../Engine/Content/EngineMaterials/InvalidLightmapSettings.ubulk" 242
"../../../Engine/Content/EngineMaterials/InvalidLightmapSettings.uasset" 243
"../../../Engine/Content/EngineMaterials/InvalidLightmapSettings.uexp" 244
"../../../Engine/Content/EngineMaterials/M_InvalidLightmapSettings.uasset" 245
"../../../Engine/Content/EngineMaterials/M_InvalidLightmapSettings.uexp" 246
"../../../Engine/Content/EngineMaterials/GizmoMaterial.uasset" 247
"../../../Engine/Content/EngineMaterials/GizmoMaterial.uexp" 248
"../../../Engine/Content/EngineMaterials/BaseFlattenEmissiveMap_VT.uasset" 249
"../../../Engine/Content/EngineMaterials/BaseFlattenEmissiveMap_VT.uexp" 250
"../../../Engine/Content/EngineMaterials/BaseFlattenGrayscaleMap_VT.uasset" 251
"../../../Engine/Content/EngineMaterials/BaseFlattenGrayscaleMap_VT.uexp" 252
"../../../Engine/Content/EngineMaterials/BaseFlattenLinearColor_VT.uasset" 253
"../../../Engine/Content/EngineMaterials/BaseFlattenLinearColor_VT.uexp" 254
"../../../Engine/Content/EngineMaterials/Black_1x1_EXR_Texture_VT.uasset" 255
"../../../Engine/Content/EngineMaterials/Black_1x1_EXR_Texture_VT.uexp" 256
"../../../Engine/Content/EngineMaterials/BaseFlattenDiffuseMap_VT.uasset" 257
"../../../Engine/Content/EngineMaterials/BaseFlattenDiffuseMap_VT.uexp" 258
"../../../Engine/Content/EngineMaterials/BaseFlattenNormalMap_VT.uasset" 259
"../../../Engine/Content/EngineMaterials/BaseFlattenNormalMap_VT.uexp" 260
"../../../Engine/Content/EngineMaterials/FlattenMaterial_WS_Normal_VT.uasset" 261
"../../../Engine/Content/EngineMaterials/FlattenMaterial_WS_Normal_VT.uexp" 262
"../../../Engine/Content/EngineMaterials/FlattenMaterial_VT.uasset" 263
"../../../Engine/Content/EngineMaterials/FlattenMaterial_VT.uexp" 264
"../../../Engine/Content/EngineMaterials/BaseFlattenNormalMap.uasset" 265
"../../../Engine/Content/EngineMaterials/BaseFlattenNormalMap.uexp" 266
"../../../Engine/Content/EngineMaterials/BaseFlattenGrayscaleMap.uasset" 267
"../../../Engine/Content/EngineMaterials/BaseFlattenGrayscaleMap.uexp" 268
"../../../Engine/Content/EngineMaterials/BaseFlattenDiffuseMap.uasset" 269
"../../../Engine/Content/EngineMaterials/BaseFlattenDiffuseMap.uexp" 270
"../../../Engine/Content/Functions/Engine_MaterialFunctions02/PivotPainter2/Black_1x1_EXR_Texture.uasset" 271
"../../../Engine/Content/Functions/Engine_MaterialFunctions02/PivotPainter2/Black_1x1_EXR_Texture.uexp" 272
"../../../Engine/Content/EngineMaterials/BaseFlattenEmissiveMap.uasset" 273
"../../../Engine/Content/EngineMaterials/BaseFlattenEmissiveMap.uexp" 274
"../../../Engine/Content/EngineMaterials/BaseFlattenLinearColor.uasset" 275
"../../../Engine/Content/EngineMaterials/BaseFlattenLinearColor.uexp" 276
"../../../Engine/Content/EngineMaterials/FlattenMaterial.uasset" 277
"../../../Engine/Content/EngineMaterials/FlattenMaterial.uexp" 278
"../../../Engine/Content/EngineMaterials/DefaultWhiteGrid_Low.uasset" 279
"../../../Engine/Content/EngineMaterials/DefaultWhiteGrid_Low.uexp" 280
"../../../Engine/Content/EngineMaterials/EmissiveMeshMaterial.uasset" 281
"../../../Engine/Content/EngineMaterials/EmissiveMeshMaterial.uexp" 282
"../../../Engine/Content/EngineFonts/RobotoDistanceField.uasset" 283
"../../../Engine/Content/EngineFonts/RobotoDistanceField.uexp" 284
"../../../Engine/Content/EngineMaterials/DefaultTextMaterialOpaque.uasset" 285
"../../../Engine/Content/EngineMaterials/DefaultTextMaterialOpaque.uexp" 286
"../../../Engine/Content/EngineMaterials/DefaultDiffuse.ubulk" 287
"../../../Engine/Content/EngineMaterials/DefaultDiffuse.uasset" 288
"../../../Engine/Content/EngineMaterials/DefaultDiffuse.uexp" 289
"../../../Engine/Content/Functions/Engine_MaterialFunctions02/Utility/BreakOutFloat2Components.uasset" 290
"../../../Engine/Content/Functions/Engine_MaterialFunctions02/Utility/BreakOutFloat2Components.uexp" 291
"../../../Engine/Content/EngineMaterials/DefaultPostProcessMaterial.uasset" 292
"../../../Engine/Content/EngineMaterials/DefaultPostProcessMaterial.uexp" 293
"../../../Engine/Content/EngineMaterials/DefaultPhysicalMaterial.uasset" 294
"../../../Engine/Content/EngineMaterials/DefaultPhysicalMaterial.uexp" 295
"../../../Engine/Content/EngineMaterials/DefaultLightFunctionMaterial.uasset" 296
"../../../Engine/Content/EngineMaterials/DefaultLightFunctionMaterial.uexp" 297
"../../../Engine/Content/EngineMaterials/DefaultDestructiblePhysicalMaterial.uasset" 298
"../../../Engine/Content/EngineMaterials/DefaultDestructiblePhysicalMaterial.uexp" 299
"../../../Engine/Content/EngineMaterials/DefaultDeferredDecalMaterial.uasset" 300
"../../../Engine/Content/EngineMaterials/DefaultDeferredDecalMaterial.uexp" 301
"../../../Engine/Content/EngineMaterials/DefaultBloomKernel.uasset" 302
"../../../Engine/Content/EngineMaterials/DefaultBloomKernel.uexp" 303
"../../../Engine/Content/EngineResources/FilmGrains/Marcie_Grain_v3_128_M2_000.uasset" 304
"../../../Engine/Content/EngineResources/FilmGrains/Marcie_Grain_v3_128_M2_000.uexp" 305
"../../../Engine/Content/EngineSky/VolumetricClouds/CloudWeatherTexture.uasset" 306
"../../../Engine/Content/EngineSky/VolumetricClouds/CloudWeatherTexture.uexp" 307
"../../../Engine/Content/Functions/Engine_MaterialFunctions02/Utility/MakeFloat2.uasset" 308
"../../../Engine/Content/Functions/Engine_MaterialFunctions02/Utility/MakeFloat2.uexp" 309
"../../../Engine/Content/EngineSky/VolumetricClouds/CloudGradientTexture.uasset" 310
"../../../Engine/Content/EngineSky/VolumetricClouds/CloudGradientTexture.uexp" 311
"../../../Engine/Content/EngineSky/VolumetricClouds/T_NoiseShape64.ubulk" 312
"../../../Engine/Content/EngineSky/VolumetricClouds/T_NoiseShape64.uasset" 313
"../../../Engine/Content/EngineSky/VolumetricClouds/T_NoiseShape64.uexp" 314
"../../../Engine/Content/EngineSky/VolumetricClouds/T_VolumeNoiseShape64.uasset" 315
"../../../Engine/Content/EngineSky/VolumetricClouds/T_VolumeNoiseShape64.uexp" 316
"../../../Engine/Content/EngineSky/VolumetricClouds/T_NoiseErosion.ubulk" 317
"../../../Engine/Content/EngineSky/VolumetricClouds/T_NoiseErosion.uasset" 318
"../../../Engine/Content/EngineSky/VolumetricClouds/T_NoiseErosion.uexp" 319
"../../../Engine/Content/EngineSky/VolumetricClouds/T_VolumeNoiseErosion32.uasset" 320
"../../../Engine/Content/EngineSky/VolumetricClouds/T_VolumeNoiseErosion32.uexp" 321
"../../../Engine/Content/EngineSky/VolumetricClouds/m_SimpleVolumetricCloud.uasset" 322
"../../../Engine/Content/EngineSky/VolumetricClouds/m_SimpleVolumetricCloud.uexp" 323
"../../../Engine/Content/EngineSky/VolumetricClouds/m_SimpleVolumetricCloud_Inst.uasset" 324
"../../../Engine/Content/EngineSky/VolumetricClouds/m_SimpleVolumetricCloud_Inst.uexp" 325
"../../../Engine/Content/EngineSounds/Master.uasset" 326
"../../../Engine/Content/EngineSounds/Master.uexp" 327
"../../../Engine/Content/Functions/Engine_MaterialFunctions01/Shading/PowerToRoughness.uasset" 328
"../../../Engine/Content/Functions/Engine_MaterialFunctions01/Shading/PowerToRoughness.uexp" 329
"../../../Engine/Content/MobileResources/HUD/VirtualJoystick_Background.uasset" 330
"../../../Engine/Content/MobileResources/HUD/VirtualJoystick_Background.uexp" 331
"../../../Engine/Content/MobileResources/HUD/VirtualJoystick_Thumb.uasset" 332
"../../../Engine/Content/MobileResources/HUD/VirtualJoystick_Thumb.uexp" 333
"../../../Engine/Content/MobileResources/HUD/DefaultVirtualJoysticks.uasset" 334
"../../../Engine/Content/MobileResources/HUD/DefaultVirtualJoysticks.uexp" 335
"../../../Engine/Plugins/2D/Paper2D/Content/PlaceholderTextures/DummySpriteTexture.ubulk" 336
"../../../Engine/Plugins/2D/Paper2D/Content/PlaceholderTextures/DummySpriteTexture.uasset" 337
"../../../Engine/Plugins/2D/Paper2D/Content/PlaceholderTextures/DummySpriteTexture.uexp" 338
"../../../Engine/Plugins/2D/Paper2D/Content/DefaultSpriteMaterial.uasset" 339
"../../../Engine/Plugins/2D/Paper2D/Content/DefaultSpriteMaterial.uexp" 340
"../../../Engine/Plugins/2D/Paper2D/Content/OpaqueUnlitSpriteMaterial.uasset" 341
"../../../Engine/Plugins/2D/Paper2D/Content/OpaqueUnlitSpriteMaterial.uexp" 342
"../../../Engine/Plugins/2D/Paper2D/Content/MaskedUnlitSpriteMaterial.uasset" 343
"../../../Engine/Plugins/2D/Paper2D/Content/MaskedUnlitSpriteMaterial.uexp" 344
"../../../Engine/Plugins/2D/Paper2D/Content/DummySprite.uasset" 345
"../../../Engine/Plugins/2D/Paper2D/Content/DummySprite.uexp" 346
"../../../Engine/Plugins/2D/Paper2D/Content/DefaultPaperTerrainMaterial.uasset" 347
"../../../Engine/Plugins/2D/Paper2D/Content/DefaultPaperTerrainMaterial.uexp" 348
"../../../Engine/Plugins/Animation/ControlRig/Content/M_Manip.uasset" 349
"../../../Engine/Plugins/Animation/ControlRig/Content/M_Manip.uexp" 350
"../../../Engine/Plugins/Animation/ControlRig/Content/Controls/DefaultGizmoLibraryNormalized.uasset" 351
"../../../Engine/Plugins/Animation/ControlRig/Content/Controls/DefaultGizmoLibraryNormalized.uexp" 352
"../../../Engine/Plugins/Animation/ControlRig/Content/Controls/ControlRig_Wedge_solid.ubulk" 353
"../../../Engine/Plugins/Animation/ControlRig/Content/Controls/ControlRig_Wedge_solid.uasset" 354
"../../../Engine/Plugins/Animation/ControlRig/Content/Controls/ControlRig_Wedge_solid.uexp" 355
"../../../Engine/Plugins/Animation/ControlRig/Content/Controls/ControlRig_Wedge_3mm.ubulk" 356
"../../../Engine/Plugins/Animation/ControlRig/Content/Controls/ControlRig_Wedge_3mm.uasset" 357
"../../../Engine/Plugins/Animation/ControlRig/Content/Controls/ControlRig_Wedge_3mm.uexp" 358
"../../../Engine/Plugins/Animation/ControlRig/Content/Controls/ControlRig_Wedge_1mm.ubulk" 359
"../../../Engine/Plugins/Animation/ControlRig/Content/Controls/ControlRig_Wedge_1mm.uasset" 360
"../../../Engine/Plugins/Animation/ControlRig/Content/Controls/ControlRig_Wedge_1mm.uexp" 361
"../../../Engine/Plugins/Animation/ControlRig/Content/Controls/ControlRig_Triangle_solid.ubulk" 362
"../../../Engine/Plugins/Animation/ControlRig/Content/Controls/ControlRig_Triangle_solid.uasset" 363
"../../../Engine/Plugins/Animation/ControlRig/Content/Controls/ControlRig_Triangle_solid.uexp" 364
"../../../Engine/Plugins/Animation/ControlRig/Content/Controls/ControlRig_Triangle_3mm.ubulk" 365
"../../../Engine/Plugins/Animation/ControlRig/Content/Controls/ControlRig_Triangle_3mm.uasset" 366
"../../../Engine/Plugins/Animation/ControlRig/Content/Controls/ControlRig_Triangle_3mm.uexp" 367
"../../../Engine/Plugins/Animation/ControlRig/Content/Controls/ControlRig_Triangle_1mm.ubulk" 368
"../../../Engine/Plugins/Animation/ControlRig/Content/Controls/ControlRig_Triangle_1mm.uasset" 369
"../../../Engine/Plugins/Animation/ControlRig/Content/Controls/ControlRig_Triangle_1mm.uexp" 370
"../../../Engine/Plugins/Animation/ControlRig/Content/Controls/ControlRig_Star4_solid.ubulk" 371
"../../../Engine/Plugins/Animation/ControlRig/Content/Controls/ControlRig_Star4_solid.uasset" 372
"../../../Engine/Plugins/Animation/ControlRig/Content/Controls/ControlRig_Star4_solid.uexp" 373
"../../../Engine/Plugins/Animation/ControlRig/Content/Controls/ControlRig_Star4_3mm.ubulk" 374
"../../../Engine/Plugins/Animation/ControlRig/Content/Controls/ControlRig_Star4_3mm.uasset" 375
"../../../Engine/Plugins/Animation/ControlRig/Content/Controls/ControlRig_Star4_3mm.uexp" 376
"../../../Engine/Plugins/Animation/ControlRig/Content/Controls/ControlRig_Star4_1mm.ubulk" 377
"../../../Engine/Plugins/Animation/ControlRig/Content/Controls/ControlRig_Star4_1mm.uasset" 378
"../../../Engine/Plugins/Animation/ControlRig/Content/Controls/ControlRig_Star4_1mm.uexp" 379
"../../../Engine/Plugins/Animation/ControlRig/Content/Controls/ControlRig_Square_solid.ubulk" 380
"../../../Engine/Plugins/Animation/ControlRig/Content/Controls/ControlRig_Square_solid.uasset" 381
"../../../Engine/Plugins/Animation/ControlRig/Content/Controls/ControlRig_Square_solid.uexp" 382
"../../../Engine/Plugins/Animation/ControlRig/Content/Controls/ControlRig_Square_3mm.ubulk" 383
"../../../Engine/Plugins/Animation/ControlRig/Content/Controls/ControlRig_Square_3mm.uasset" 384
"../../../Engine/Plugins/Animation/ControlRig/Content/Controls/ControlRig_Square_3mm.uexp" 385
"../../../Engine/Plugins/Animation/ControlRig/Content/Controls/ControlRig_Square_1mm.ubulk" 386
"../../../Engine/Plugins/Animation/ControlRig/Content/Controls/ControlRig_Square_1mm.uasset" 387
"../../../Engine/Plugins/Animation/ControlRig/Content/Controls/ControlRig_Square_1mm.uexp" 388
"../../../Engine/Plugins/Animation/ControlRig/Content/Controls/ControlRig_Sphere_solid.ubulk" 389
"../../../Engine/Plugins/Animation/ControlRig/Content/Controls/ControlRig_Sphere_solid.uasset" 390
"../../../Engine/Plugins/Animation/ControlRig/Content/Controls/ControlRig_Sphere_solid.uexp" 391
"../../../Engine/Plugins/Animation/ControlRig/Content/Controls/ControlRig_Sphere_3mm.ubulk" 392
"../../../Engine/Plugins/Animation/ControlRig/Content/Controls/ControlRig_Sphere_3mm.uasset" 393
"../../../Engine/Plugins/Animation/ControlRig/Content/Controls/ControlRig_Sphere_3mm.uexp" 394
"../../../Engine/Plugins/Animation/ControlRig/Content/Controls/ControlRig_Sphere_1mm.ubulk" 395
"../../../Engine/Plugins/Animation/ControlRig/Content/Controls/ControlRig_Sphere_1mm.uasset" 396
"../../../Engine/Plugins/Animation/ControlRig/Content/Controls/ControlRig_Sphere_1mm.uexp" 397
"../../../Engine/Plugins/Animation/ControlRig/Content/Controls/ControlRig_RoundedTriangle_solid.ubulk" 398
"../../../Engine/Plugins/Animation/ControlRig/Content/Controls/ControlRig_RoundedTriangle_solid.uasset" 399
"../../../Engine/Plugins/Animation/ControlRig/Content/Controls/ControlRig_RoundedTriangle_solid.uexp" 400
"../../../Engine/Plugins/Animation/ControlRig/Content/Controls/ControlRig_RoundedTriangle_3mm.ubulk" 401
"../../../Engine/Plugins/Animation/ControlRig/Content/Controls/ControlRig_RoundedTriangle_3mm.uasset" 402
"../../../Engine/Plugins/Animation/ControlRig/Content/Controls/ControlRig_RoundedTriangle_3mm.uexp" 403
"../../../Engine/Plugins/Animation/ControlRig/Content/Controls/ControlRig_RoundedTriangle_1mm.ubulk" 404
"../../../Engine/Plugins/Animation/ControlRig/Content/Controls/ControlRig_RoundedTriangle_1mm.uasset" 405
"../../../Engine/Plugins/Animation/ControlRig/Content/Controls/ControlRig_RoundedTriangle_1mm.uexp" 406
"../../../Engine/Plugins/Animation/ControlRig/Content/Controls/ControlRig_RoundedSquare_solid.ubulk" 407
"../../../Engine/Plugins/Animation/ControlRig/Content/Controls/ControlRig_RoundedSquare_solid.uasset" 408
"../../../Engine/Plugins/Animation/ControlRig/Content/Controls/ControlRig_RoundedSquare_solid.uexp" 409
"../../../Engine/Plugins/Animation/ControlRig/Content/Controls/ControlRig_RoundedSquare_3mm.ubulk" 410
"../../../Engine/Plugins/Animation/ControlRig/Content/Controls/ControlRig_RoundedSquare_3mm.uasset" 411
"../../../Engine/Plugins/Animation/ControlRig/Content/Controls/ControlRig_RoundedSquare_3mm.uexp" 412
"../../../Engine/Plugins/Animation/ControlRig/Content/Controls/ControlRig_RoundedSquare_1mm.ubulk" 413
"../../../Engine/Plugins/Animation/ControlRig/Content/Controls/ControlRig_RoundedSquare_1mm.uasset" 414
"../../../Engine/Plugins/Animation/ControlRig/Content/Controls/ControlRig_RoundedSquare_1mm.uexp" 415
"../../../Engine/Plugins/Animation/ControlRig/Content/Controls/ControlRig_QuarterCircle_solid.ubulk" 416
"../../../Engine/Plugins/Animation/ControlRig/Content/Controls/ControlRig_QuarterCircle_solid.uasset" 417
"../../../Engine/Plugins/Animation/ControlRig/Content/Controls/ControlRig_QuarterCircle_solid.uexp" 418
"../../../Engine/Plugins/Animation/ControlRig/Content/Controls/ControlRig_QuarterCircle_3mm.ubulk" 419
"../../../Engine/Plugins/Animation/ControlRig/Content/Controls/ControlRig_QuarterCircle_3mm.uasset" 420
"../../../Engine/Plugins/Animation/ControlRig/Content/Controls/ControlRig_QuarterCircle_3mm.uexp" 421
"../../../Engine/Plugins/Animation/ControlRig/Content/Controls/ControlRig_QuarterCircle_1mm.ubulk" 422
"../../../Engine/Plugins/Animation/ControlRig/Content/Controls/ControlRig_QuarterCircle_1mm.uasset" 423
"../../../Engine/Plugins/Animation/ControlRig/Content/Controls/ControlRig_QuarterCircle_1mm.uexp" 424
"../../../Engine/Plugins/Animation/ControlRig/Content/Controls/ControlRig_Pyramid_solid.ubulk" 425
"../../../Engine/Plugins/Animation/ControlRig/Content/Controls/ControlRig_Pyramid_solid.uasset" 426
"../../../Engine/Plugins/Animation/ControlRig/Content/Controls/ControlRig_Pyramid_solid.uexp" 427
"../../../Engine/Plugins/Animation/ControlRig/Content/Controls/ControlRig_Pyramid_3mm.ubulk" 428
"../../../Engine/Plugins/Animation/ControlRig/Content/Controls/ControlRig_Pyramid_3mm.uasset" 429
"../../../Engine/Plugins/Animation/ControlRig/Content/Controls/ControlRig_Pyramid_3mm.uexp" 430
"../../../Engine/Plugins/Animation/ControlRig/Content/Controls/ControlRig_Pyramid_1mm.ubulk" 431
"../../../Engine/Plugins/Animation/ControlRig/Content/Controls/ControlRig_Pyramid_1mm.uasset" 432
"../../../Engine/Plugins/Animation/ControlRig/Content/Controls/ControlRig_Pyramid_1mm.uexp" 433
"../../../Engine/Plugins/Animation/ControlRig/Content/Controls/ControlRig_Octagon_solid.ubulk" 434
"../../../Engine/Plugins/Animation/ControlRig/Content/Controls/ControlRig_Octagon_solid.uasset" 435
"../../../Engine/Plugins/Animation/ControlRig/Content/Controls/ControlRig_Octagon_solid.uexp" 436
"../../../Engine/Plugins/Animation/ControlRig/Content/Controls/ControlRig_Octagon_3mm.ubulk" 437
"../../../Engine/Plugins/Animation/ControlRig/Content/Controls/ControlRig_Octagon_3mm.uasset" 438
"../../../Engine/Plugins/Animation/ControlRig/Content/Controls/ControlRig_Octagon_3mm.uexp" 439
"../../../Engine/Plugins/Animation/ControlRig/Content/Controls/ControlRig_Octagon_1mm.ubulk" 440
"../../../Engine/Plugins/Animation/ControlRig/Content/Controls/ControlRig_Octagon_1mm.uasset" 441
"../../../Engine/Plugins/Animation/ControlRig/Content/Controls/ControlRig_Octagon_1mm.uexp" 442
"../../../Engine/Plugins/Animation/ControlRig/Content/Controls/ControlRig_Hexagon_solid.ubulk" 443
"../../../Engine/Plugins/Animation/ControlRig/Content/Controls/ControlRig_Hexagon_solid.uasset" 444
"../../../Engine/Plugins/Animation/ControlRig/Content/Controls/ControlRig_Hexagon_solid.uexp" 445
"../../../Engine/Plugins/Animation/ControlRig/Content/Controls/ControlRig_Hexagon_3mm.ubulk" 446
"../../../Engine/Plugins/Animation/ControlRig/Content/Controls/ControlRig_Hexagon_3mm.uasset" 447
"../../../Engine/Plugins/Animation/ControlRig/Content/Controls/ControlRig_Hexagon_3mm.uexp" 448
"../../../Engine/Plugins/Animation/ControlRig/Content/Controls/ControlRig_Hexagon_1mm.ubulk" 449
"../../../Engine/Plugins/Animation/ControlRig/Content/Controls/ControlRig_Hexagon_1mm.uasset" 450
"../../../Engine/Plugins/Animation/ControlRig/Content/Controls/ControlRig_Hexagon_1mm.uexp" 451
"../../../Engine/Plugins/Animation/ControlRig/Content/Controls/ControlRig_HalfCircle_solid.ubulk" 452
"../../../Engine/Plugins/Animation/ControlRig/Content/Controls/ControlRig_HalfCircle_solid.uasset" 453
"../../../Engine/Plugins/Animation/ControlRig/Content/Controls/ControlRig_HalfCircle_solid.uexp" 454
"../../../Engine/Plugins/Animation/ControlRig/Content/Controls/ControlRig_HalfCircle_3mm.ubulk" 455
"../../../Engine/Plugins/Animation/ControlRig/Content/Controls/ControlRig_HalfCircle_3mm.uasset" 456
"../../../Engine/Plugins/Animation/ControlRig/Content/Controls/ControlRig_HalfCircle_3mm.uexp" 457
"../../../Engine/Plugins/Animation/ControlRig/Content/Controls/ControlRig_HalfCircle_1mm.ubulk" 458
"../../../Engine/Plugins/Animation/ControlRig/Content/Controls/ControlRig_HalfCircle_1mm.uasset" 459
"../../../Engine/Plugins/Animation/ControlRig/Content/Controls/ControlRig_HalfCircle_1mm.uexp" 460
"../../../Engine/Plugins/Animation/ControlRig/Content/Controls/ControlRig_Diamond_solid.ubulk" 461
"../../../Engine/Plugins/Animation/ControlRig/Content/Controls/ControlRig_Diamond_solid.uasset" 462
"../../../Engine/Plugins/Animation/ControlRig/Content/Controls/ControlRig_Diamond_solid.uexp" 463
"../../../Engine/Plugins/Animation/ControlRig/Content/Controls/ControlRig_Diamond_3mm.ubulk" 464
"../../../Engine/Plugins/Animation/ControlRig/Content/Controls/ControlRig_Diamond_3mm.uasset" 465
"../../../Engine/Plugins/Animation/ControlRig/Content/Controls/ControlRig_Diamond_3mm.uexp" 466
"../../../Engine/Plugins/Animation/ControlRig/Content/Controls/ControlRig_Diamond_1mm.ubulk" 467
"../../../Engine/Plugins/Animation/ControlRig/Content/Controls/ControlRig_Diamond_1mm.uasset" 468
"../../../Engine/Plugins/Animation/ControlRig/Content/Controls/ControlRig_Diamond_1mm.uexp" 469
"../../../Engine/Plugins/Animation/ControlRig/Content/Controls/ControlRig_Circle_solid.ubulk" 470
"../../../Engine/Plugins/Animation/ControlRig/Content/Controls/ControlRig_Circle_solid.uasset" 471
"../../../Engine/Plugins/Animation/ControlRig/Content/Controls/ControlRig_Circle_solid.uexp" 472
"../../../Engine/Plugins/Animation/ControlRig/Content/Controls/ControlRig_Circle_3mm.ubulk" 473
"../../../Engine/Plugins/Animation/ControlRig/Content/Controls/ControlRig_Circle_3mm.uasset" 474
"../../../Engine/Plugins/Animation/ControlRig/Content/Controls/ControlRig_Circle_3mm.uexp" 475
"../../../Engine/Plugins/Animation/ControlRig/Content/Controls/ControlRig_Circle_1mm.ubulk" 476
"../../../Engine/Plugins/Animation/ControlRig/Content/Controls/ControlRig_Circle_1mm.uasset" 477
"../../../Engine/Plugins/Animation/ControlRig/Content/Controls/ControlRig_Circle_1mm.uexp" 478
"../../../Engine/Plugins/Animation/ControlRig/Content/Controls/ControlRig_Box_solid.ubulk" 479
"../../../Engine/Plugins/Animation/ControlRig/Content/Controls/ControlRig_Box_solid.uasset" 480
"../../../Engine/Plugins/Animation/ControlRig/Content/Controls/ControlRig_Box_solid.uexp" 481
"../../../Engine/Plugins/Animation/ControlRig/Content/Controls/ControlRig_Box_3mm.ubulk" 482
"../../../Engine/Plugins/Animation/ControlRig/Content/Controls/ControlRig_Box_3mm.uasset" 483
"../../../Engine/Plugins/Animation/ControlRig/Content/Controls/ControlRig_Box_3mm.uexp" 484
"../../../Engine/Plugins/Animation/ControlRig/Content/Controls/ControlRig_Box_1mm.ubulk" 485
"../../../Engine/Plugins/Animation/ControlRig/Content/Controls/ControlRig_Box_1mm.uasset" 486
"../../../Engine/Plugins/Animation/ControlRig/Content/Controls/ControlRig_Box_1mm.uexp" 487
"../../../Engine/Plugins/Animation/ControlRig/Content/Controls/ControlRig_Arrow_solid.ubulk" 488
"../../../Engine/Plugins/Animation/ControlRig/Content/Controls/ControlRig_Arrow_solid.uasset" 489
"../../../Engine/Plugins/Animation/ControlRig/Content/Controls/ControlRig_Arrow_solid.uexp" 490
"../../../Engine/Plugins/Animation/ControlRig/Content/Controls/ControlRig_Arrow_3mm.ubulk" 491
"../../../Engine/Plugins/Animation/ControlRig/Content/Controls/ControlRig_Arrow_3mm.uasset" 492
"../../../Engine/Plugins/Animation/ControlRig/Content/Controls/ControlRig_Arrow_3mm.uexp" 493
"../../../Engine/Plugins/Animation/ControlRig/Content/Controls/ControlRig_Arrow_1mm.ubulk" 494
"../../../Engine/Plugins/Animation/ControlRig/Content/Controls/ControlRig_Arrow_1mm.uasset" 495
"../../../Engine/Plugins/Animation/ControlRig/Content/Controls/ControlRig_Arrow_1mm.uexp" 496
"../../../Engine/Plugins/Animation/ControlRig/Content/Controls/ControlRig_Arrow4_solid.ubulk" 497
"../../../Engine/Plugins/Animation/ControlRig/Content/Controls/ControlRig_Arrow4_solid.uasset" 498
"../../../Engine/Plugins/Animation/ControlRig/Content/Controls/ControlRig_Arrow4_solid.uexp" 499
"../../../Engine/Plugins/Animation/ControlRig/Content/Controls/ControlRig_Arrow4_3mm.ubulk" 500
"../../../Engine/Plugins/Animation/ControlRig/Content/Controls/ControlRig_Arrow4_3mm.uasset" 501
"../../../Engine/Plugins/Animation/ControlRig/Content/Controls/ControlRig_Arrow4_3mm.uexp" 502
"../../../Engine/Plugins/Animation/ControlRig/Content/Controls/ControlRig_Arrow4_1mm.ubulk" 503
"../../../Engine/Plugins/Animation/ControlRig/Content/Controls/ControlRig_Arrow4_1mm.uasset" 504
"../../../Engine/Plugins/Animation/ControlRig/Content/Controls/ControlRig_Arrow4_1mm.uexp" 505
"../../../Engine/Plugins/Animation/ControlRig/Content/Controls/ControlRig_Arrow2_solid.ubulk" 506
"../../../Engine/Plugins/Animation/ControlRig/Content/Controls/ControlRig_Arrow2_solid.uasset" 507
"../../../Engine/Plugins/Animation/ControlRig/Content/Controls/ControlRig_Arrow2_solid.uexp" 508
"../../../Engine/Plugins/Animation/ControlRig/Content/Controls/ControlRig_Arrow2_3mm.ubulk" 509
"../../../Engine/Plugins/Animation/ControlRig/Content/Controls/ControlRig_Arrow2_3mm.uasset" 510
"../../../Engine/Plugins/Animation/ControlRig/Content/Controls/ControlRig_Arrow2_3mm.uexp" 511
"../../../Engine/Plugins/Animation/ControlRig/Content/Controls/ControlRig_Arrow2_1mm.ubulk" 512
"../../../Engine/Plugins/Animation/ControlRig/Content/Controls/ControlRig_Arrow2_1mm.uasset" 513
"../../../Engine/Plugins/Animation/ControlRig/Content/Controls/ControlRig_Arrow2_1mm.uexp" 514
"../../../Engine/Plugins/Animation/ControlRig/Content/Controls/ControlRigXRayMaterial.uasset" 515
"../../../Engine/Plugins/Animation/ControlRig/Content/Controls/ControlRigXRayMaterial.uexp" 516
"../../../Engine/Plugins/Animation/ControlRig/Content/Controls/ControlRigGizmoMaterial.uasset" 517
"../../../Engine/Plugins/Animation/ControlRig/Content/Controls/ControlRigGizmoMaterial.uexp" 518
"../../../Engine/Plugins/Editor/SpeedTreeImporter/Content/SpeedTree9/game_wind_noise.ubulk" 519
"../../../Engine/Plugins/Editor/SpeedTreeImporter/Content/SpeedTree9/game_wind_noise.uasset" 520
"../../../Engine/Plugins/Editor/SpeedTreeImporter/Content/SpeedTree9/game_wind_noise.uexp" 521
"../../../Engine/Plugins/Editor/SpeedTreeImporter/Content/SpeedTree9/UnpackDirection.uasset" 522
"../../../Engine/Plugins/Editor/SpeedTreeImporter/Content/SpeedTree9/UnpackDirection.uexp" 523
"../../../Engine/Content/Functions/Engine_MaterialFunctions02/ObjectLocalBounds.uasset" 524
"../../../Engine/Content/Functions/Engine_MaterialFunctions02/ObjectLocalBounds.uexp" 525
"../../../Engine/Content/Functions/Engine_MaterialFunctions02/UVs/BoundingBoxBased_0-1_UVW.uasset" 526
"../../../Engine/Content/Functions/Engine_MaterialFunctions02/UVs/BoundingBoxBased_0-1_UVW.uexp" 527
"../../../Engine/Content/Functions/Engine_MaterialFunctions02/Utility/VectorLength.uasset" 528
"../../../Engine/Content/Functions/Engine_MaterialFunctions02/Utility/VectorLength.uexp" 529
"../../../Engine/Plugins/Editor/SpeedTreeImporter/Content/SpeedTree9/UnpackInteger3.uasset" 530
"../../../Engine/Plugins/Editor/SpeedTreeImporter/Content/SpeedTree9/UnpackInteger3.uexp" 531
"../../../Engine/Plugins/Editor/SpeedTreeImporter/Content/SpeedTree9/SpeedTreeCameraFacing.uasset" 532
"../../../Engine/Plugins/Editor/SpeedTreeImporter/Content/SpeedTree9/SpeedTreeCameraFacing.uexp" 533
"../../../Engine/Content/Functions/Engine_MaterialFunctions02/WorldPositionOffset/ObjectScale.uasset" 534
"../../../Engine/Content/Functions/Engine_MaterialFunctions02/WorldPositionOffset/ObjectScale.uexp" 535
"../../../Engine/Content/Functions/Engine_MaterialFunctions02/SafeNormalize.uasset" 536
"../../../Engine/Content/Functions/Engine_MaterialFunctions02/SafeNormalize.uexp" 537
"../../../Engine/Plugins/Editor/SpeedTreeImporter/Content/SpeedTree9/SpeedTreeWindMotion.uasset" 538
"../../../Engine/Plugins/Editor/SpeedTreeImporter/Content/SpeedTree9/SpeedTreeWindMotion.uexp" 539
"../../../Engine/Plugins/Editor/SpeedTreeImporter/Content/SpeedTree9/SpeedTreeBranchMotion.uasset" 540
"../../../Engine/Plugins/Editor/SpeedTreeImporter/Content/SpeedTree9/SpeedTreeBranchMotion.uexp" 541
"../../../Engine/Plugins/Editor/SpeedTreeImporter/Content/SpeedTree9/SpeedTreeWind.uasset" 542
"../../../Engine/Plugins/Editor/SpeedTreeImporter/Content/SpeedTree9/SpeedTreeWind.uexp" 543
"../../../Engine/Plugins/Editor/SpeedTreeImporter/Content/SpeedTree9/EmptyNormal.uasset" 544
"../../../Engine/Plugins/Editor/SpeedTreeImporter/Content/SpeedTree9/EmptyNormal.uexp" 545
"../../../Engine/Plugins/Editor/SpeedTreeImporter/Content/SpeedTree9/Empty.uasset" 546
"../../../Engine/Plugins/Editor/SpeedTreeImporter/Content/SpeedTree9/Empty.uexp" 547
"../../../Engine/Plugins/Editor/SpeedTreeImporter/Content/SpeedTree9/SpeedTreeMaster.uasset" 548
"../../../Engine/Plugins/Editor/SpeedTreeImporter/Content/SpeedTree9/SpeedTreeMaster.uexp" 549
"../../../Engine/Plugins/Editor/SpeedTreeImporter/Content/SpeedTree9/SpeedTreeBillboard.uasset" 550
"../../../Engine/Plugins/Editor/SpeedTreeImporter/Content/SpeedTree9/SpeedTreeBillboard.uexp" 551
"../../../Engine/Plugins/Editor/SpeedTreeImporter/Content/SpeedTree9/SpeedTreeBillboardMaster.uasset" 552
"../../../Engine/Plugins/Editor/SpeedTreeImporter/Content/SpeedTree9/SpeedTreeBillboardMaster.uexp" 553
"../../../Engine/Content/Functions/Engine_MaterialFunctions02/Texturing/CustomRotator.uasset" 554
"../../../Engine/Content/Functions/Engine_MaterialFunctions02/Texturing/CustomRotator.uexp" 555
"../../../Engine/Content/Functions/Engine_MaterialFunctions02/Texturing/ScreenAlignedPixelToPixelUVs.uasset" 556
"../../../Engine/Content/Functions/Engine_MaterialFunctions02/Texturing/ScreenAlignedPixelToPixelUVs.uexp" 557
"../../../Engine/Plugins/Interchange/Runtime/Content/Utilities/T_Bayer64_Grayscale_64px.uasset" 558
"../../../Engine/Plugins/Interchange/Runtime/Content/Utilities/T_Bayer64_Grayscale_64px.uexp" 559
"../../../Engine/Plugins/Interchange/Runtime/Content/gltf/MaterialFunctions/MF_Temporal_Blur.uasset" 560
"../../../Engine/Plugins/Interchange/Runtime/Content/gltf/MaterialFunctions/MF_Temporal_Blur.uexp" 561
"../../../Engine/Plugins/Interchange/Runtime/Content/gltf/MaterialFunctions/MF_Fresnel_DS.uasset" 562
"../../../Engine/Plugins/Interchange/Runtime/Content/gltf/MaterialFunctions/MF_Fresnel_DS.uexp" 563
"../../../Engine/Plugins/Interchange/Runtime/Content/Functions/MX_Transmission.uasset" 564
"../../../Engine/Plugins/Interchange/Runtime/Content/Functions/MX_Transmission.uexp" 565
"../../../Engine/Plugins/Interchange/Runtime/Content/Functions/MF_OrenNayerView.uasset" 566
"../../../Engine/Plugins/Interchange/Runtime/Content/Functions/MF_OrenNayerView.uexp" 567
"../../../Engine/Plugins/Interchange/Runtime/Content/Functions/MF_SchlickApprox.uasset" 568
"../../../Engine/Plugins/Interchange/Runtime/Content/Functions/MF_SchlickApprox.uexp" 569
"../../../Engine/Plugins/Interchange/Runtime/Content/Utilities/New_LUT.uasset" 570
"../../../Engine/Plugins/Interchange/Runtime/Content/Utilities/New_LUT.uexp" 571
"../../../Engine/Content/Functions/Engine_MaterialFunctions03/Math/RemapValueRange.uasset" 572
"../../../Engine/Content/Functions/Engine_MaterialFunctions03/Math/RemapValueRange.uexp" 573
"../../../Engine/Plugins/Interchange/Runtime/Content/Functions/MF_Iridescence.uasset" 574
"../../../Engine/Plugins/Interchange/Runtime/Content/Functions/MF_Iridescence.uexp" 575
"../../../Engine/Plugins/Interchange/Runtime/Content/Functions/MX_StandardSurface.uasset" 576
"../../../Engine/Plugins/Interchange/Runtime/Content/Functions/MX_StandardSurface.uexp" 577
"../../../Engine/Plugins/Interchange/Runtime/Content/Functions/MX_TransmissionSurface.uasset" 578
"../../../Engine/Plugins/Interchange/Runtime/Content/Functions/MX_TransmissionSurface.uexp" 579
"../../../Engine/Content/Functions/Engine_MaterialFunctions02/Math/AddComponents.uasset" 580
"../../../Engine/Content/Functions/Engine_MaterialFunctions02/Math/AddComponents.uexp" 581
"../../../Engine/Content/Functions/Engine_MaterialFunctions02/WorldPositionOffset/V2/ObjectScale.uasset" 582
"../../../Engine/Content/Functions/Engine_MaterialFunctions02/WorldPositionOffset/V2/ObjectScale.uexp" 583
"../../../Engine/Plugins/Interchange/Runtime/Content/gltf/MaterialFunctions/MF_TransmissionOpacity.uasset" 584
"../../../Engine/Plugins/Interchange/Runtime/Content/gltf/MaterialFunctions/MF_TransmissionOpacity.uexp" 585
"../../../Engine/Plugins/Interchange/Runtime/Content/gltf/MaterialFunctions/MF_RotateV2.uasset" 586
"../../../Engine/Plugins/Interchange/Runtime/Content/gltf/MaterialFunctions/MF_RotateV2.uexp" 587
"../../../Engine/Plugins/Interchange/Runtime/Content/gltf/MaterialFunctions/MF_TransformUVs.uasset" 588
"../../../Engine/Plugins/Interchange/Runtime/Content/gltf/MaterialFunctions/MF_TransformUVs.uexp" 589
"../../../Engine/Plugins/Interchange/Runtime/Content/gltf/Textures/T_White_srgb.uasset" 590
"../../../Engine/Plugins/Interchange/Runtime/Content/gltf/Textures/T_White_srgb.uexp" 591
"../../../Engine/Plugins/Interchange/Runtime/Content/gltf/MaterialFunctions/MF_BaseColor.uasset" 592
"../../../Engine/Plugins/Interchange/Runtime/Content/gltf/MaterialFunctions/MF_BaseColor.uexp" 593
"../../../Engine/Plugins/Interchange/Runtime/Content/gltf/MaterialFunctions/MF_DiffuseSpecGloss.uasset" 594
"../../../Engine/Plugins/Interchange/Runtime/Content/gltf/MaterialFunctions/MF_DiffuseSpecGloss.uexp" 595
"../../../Engine/Plugins/Interchange/Runtime/Content/gltf/Textures/T_White_Linear.uasset" 596
"../../../Engine/Plugins/Interchange/Runtime/Content/gltf/Textures/T_White_Linear.uexp" 597
"../../../Engine/Plugins/Interchange/Runtime/Content/gltf/MaterialFunctions/MF_MetallicRoughness.uasset" 598
"../../../Engine/Plugins/Interchange/Runtime/Content/gltf/MaterialFunctions/MF_MetallicRoughness.uexp" 599
"../../../Engine/Plugins/Interchange/Runtime/Content/gltf/MaterialFunctions/MF_Transmission.uasset" 600
"../../../Engine/Plugins/Interchange/Runtime/Content/gltf/MaterialFunctions/MF_Transmission.uexp" 601
"../../../Engine/Plugins/Interchange/Runtime/Content/gltf/MaterialFunctions/MF_Occlusion.uasset" 602
"../../../Engine/Plugins/Interchange/Runtime/Content/gltf/MaterialFunctions/MF_Occlusion.uexp" 603
"../../../Engine/Plugins/Interchange/Runtime/Content/gltf/MaterialFunctions/MF_Specular.uasset" 604
"../../../Engine/Plugins/Interchange/Runtime/Content/gltf/MaterialFunctions/MF_Specular.uexp" 605
"../../../Engine/Plugins/Interchange/Runtime/Content/gltf/MaterialFunctions/MF_IOR.uasset" 606
"../../../Engine/Plugins/Interchange/Runtime/Content/gltf/MaterialFunctions/MF_IOR.uexp" 607
"../../../Engine/Content/Functions/Engine_MaterialFunctions01/Texturing/FlattenNormal.uasset" 608
"../../../Engine/Content/Functions/Engine_MaterialFunctions01/Texturing/FlattenNormal.uexp" 609
"../../../Engine/Content/Functions/Engine_MaterialFunctions02/Math/Transform3x3Matrix.uasset" 610
"../../../Engine/Content/Functions/Engine_MaterialFunctions02/Math/Transform3x3Matrix.uexp" 611
"../../../Engine/Plugins/Interchange/Runtime/Content/gltf/MaterialFunctions/MF_RotateNormals_TS.uasset" 612
"../../../Engine/Plugins/Interchange/Runtime/Content/gltf/MaterialFunctions/MF_RotateNormals_TS.uexp" 613
"../../../Engine/Plugins/Interchange/Runtime/Content/gltf/Textures/T_Generic_N.uasset" 614
"../../../Engine/Plugins/Interchange/Runtime/Content/gltf/Textures/T_Generic_N.uexp" 615
"../../../Engine/Plugins/Interchange/Runtime/Content/gltf/MaterialFunctions/MF_Normals.uasset" 616
"../../../Engine/Plugins/Interchange/Runtime/Content/gltf/MaterialFunctions/MF_Normals.uexp" 617
"../../../Engine/Plugins/Interchange/Runtime/Content/gltf/MaterialFunctions/MF_PerceivedBrightness.uasset" 618
"../../../Engine/Plugins/Interchange/Runtime/Content/gltf/MaterialFunctions/MF_PerceivedBrightness.uexp" 619
"../../../Engine/Plugins/Interchange/Runtime/Content/gltf/MaterialFunctions/MF_SpecGlossToMetalRoughness.uasset" 620
"../../../Engine/Plugins/Interchange/Runtime/Content/gltf/MaterialFunctions/MF_SpecGlossToMetalRoughness.uexp" 621
"../../../Engine/Plugins/Interchange/Runtime/Content/gltf/M_Transmission.uasset" 622
"../../../Engine/Plugins/Interchange/Runtime/Content/gltf/M_Transmission.uexp" 623
"../../../Engine/Plugins/Interchange/Runtime/Content/gltf/MaterialInstances_MR/MI_Transmission_TS.uasset" 624
"../../../Engine/Plugins/Interchange/Runtime/Content/gltf/MaterialInstances_MR/MI_Transmission_TS.uexp" 625
"../../../Engine/Plugins/Interchange/Runtime/Content/gltf/MaterialInstances_MR/MI_Transmission.uasset" 626
"../../../Engine/Plugins/Interchange/Runtime/Content/gltf/MaterialInstances_MR/MI_Transmission.uexp" 627
"../../../Engine/Plugins/Interchange/Runtime/Content/gltf/MaterialFunctions/MF_Clearcoat.uasset" 628
"../../../Engine/Plugins/Interchange/Runtime/Content/gltf/MaterialFunctions/MF_Clearcoat.uexp" 629
"../../../Engine/Plugins/Interchange/Runtime/Content/gltf/MaterialFunctions/MF_Emissive.uasset" 630
"../../../Engine/Plugins/Interchange/Runtime/Content/gltf/MaterialFunctions/MF_Emissive.uexp" 631
"../../../Engine/Plugins/Interchange/Runtime/Content/gltf/M_Translucent.uasset" 632
"../../../Engine/Plugins/Interchange/Runtime/Content/gltf/M_Translucent.uexp" 633
"../../../Engine/Plugins/Interchange/Runtime/Content/gltf/MaterialInstances_MR/MI_Translucent_TS.uasset" 634
"../../../Engine/Plugins/Interchange/Runtime/Content/gltf/MaterialInstances_MR/MI_Translucent_TS.uexp" 635
"../../../Engine/Plugins/Interchange/Runtime/Content/gltf/MaterialInstances_MR/MI_Translucent_ClearCoat_TS.uasset" 636
"../../../Engine/Plugins/Interchange/Runtime/Content/gltf/MaterialInstances_MR/MI_Translucent_ClearCoat_TS.uexp" 637
"../../../Engine/Plugins/Interchange/Runtime/Content/gltf/MaterialInstances_MR/MI_Translucent_ClearCoat.uasset" 638
"../../../Engine/Plugins/Interchange/Runtime/Content/gltf/MaterialInstances_MR/MI_Translucent_ClearCoat.uexp" 639
"../../../Engine/Plugins/Interchange/Runtime/Content/gltf/MaterialInstances_MR/MI_Translucent.uasset" 640
"../../../Engine/Plugins/Interchange/Runtime/Content/gltf/MaterialInstances_MR/MI_Translucent.uexp" 641
"../../../Engine/Plugins/Interchange/Runtime/Content/gltf/M_Unlit.uasset" 642
"../../../Engine/Plugins/Interchange/Runtime/Content/gltf/M_Unlit.uexp" 643
"../../../Engine/Plugins/Interchange/Runtime/Content/gltf/MaterialInstances_MR/MI_Opaque_Unlit_TS.uasset" 644
"../../../Engine/Plugins/Interchange/Runtime/Content/gltf/MaterialInstances_MR/MI_Opaque_Unlit_TS.uexp" 645
"../../../Engine/Plugins/Interchange/Runtime/Content/gltf/MaterialInstances_MR/MI_Opaque_Unlit.uasset" 646
"../../../Engine/Plugins/Interchange/Runtime/Content/gltf/MaterialInstances_MR/MI_Opaque_Unlit.uexp" 647
"../../../Engine/Plugins/Interchange/Runtime/Content/gltf/M_Opaque.uasset" 648
"../../../Engine/Plugins/Interchange/Runtime/Content/gltf/M_Opaque.uexp" 649
"../../../Engine/Plugins/Interchange/Runtime/Content/gltf/MaterialInstances_MR/MI_Opaque_TS.uasset" 650
"../../../Engine/Plugins/Interchange/Runtime/Content/gltf/MaterialInstances_MR/MI_Opaque_TS.uexp" 651
"../../../Engine/Plugins/Interchange/Runtime/Content/gltf/MaterialFunctions/MF_Sheen.uasset" 652
"../../../Engine/Plugins/Interchange/Runtime/Content/gltf/MaterialFunctions/MF_Sheen.uexp" 653
"../../../Engine/Content/Functions/Engine_MaterialFunctions01/Shading/FuzzyShading.uasset" 654
"../../../Engine/Content/Functions/Engine_MaterialFunctions01/Shading/FuzzyShading.uexp" 655
"../../../Engine/Plugins/Interchange/Runtime/Content/gltf/M_Sheen.uasset" 656
"../../../Engine/Plugins/Interchange/Runtime/Content/gltf/M_Sheen.uexp" 657
"../../../Engine/Plugins/Interchange/Runtime/Content/gltf/MaterialInstances_MR/MI_Opaque_Sheen_TS.uasset" 658
"../../../Engine/Plugins/Interchange/Runtime/Content/gltf/MaterialInstances_MR/MI_Opaque_Sheen_TS.uexp" 659
"../../../Engine/Plugins/Interchange/Runtime/Content/gltf/MaterialInstances_MR/MI_Opaque_Sheen.uasset" 660
"../../../Engine/Plugins/Interchange/Runtime/Content/gltf/MaterialInstances_MR/MI_Opaque_Sheen.uexp" 661
"../../../Engine/Plugins/Interchange/Runtime/Content/gltf/MaterialInstances_MR/MI_Opaque_ClearCoat_TS.uasset" 662
"../../../Engine/Plugins/Interchange/Runtime/Content/gltf/MaterialInstances_MR/MI_Opaque_ClearCoat_TS.uexp" 663
"../../../Engine/Plugins/Interchange/Runtime/Content/gltf/MaterialInstances_MR/MI_Opaque_ClearCoat.uasset" 664
"../../../Engine/Plugins/Interchange/Runtime/Content/gltf/MaterialInstances_MR/MI_Opaque_ClearCoat.uexp" 665
"../../../Engine/Plugins/Interchange/Runtime/Content/gltf/MaterialInstances_MR/MI_Opaque.uasset" 666
"../../../Engine/Plugins/Interchange/Runtime/Content/gltf/MaterialInstances_MR/MI_Opaque.uexp" 667
"../../../Engine/Plugins/Interchange/Runtime/Content/gltf/MaterialInstances_SG/MI_Transmission_TS.uasset" 668
"../../../Engine/Plugins/Interchange/Runtime/Content/gltf/MaterialInstances_SG/MI_Transmission_TS.uexp" 669
"../../../Engine/Plugins/Interchange/Runtime/Content/gltf/MaterialInstances_SG/MI_Transmission.uasset" 670
"../../../Engine/Plugins/Interchange/Runtime/Content/gltf/MaterialInstances_SG/MI_Transmission.uexp" 671
"../../../Engine/Plugins/Interchange/Runtime/Content/gltf/MaterialInstances_SG/MI_Translucent_TS.uasset" 672
"../../../Engine/Plugins/Interchange/Runtime/Content/gltf/MaterialInstances_SG/MI_Translucent_TS.uexp" 673
"../../../Engine/Plugins/Interchange/Runtime/Content/gltf/MaterialInstances_SG/MI_Translucent_ClearCoat_TS.uasset" 674
"../../../Engine/Plugins/Interchange/Runtime/Content/gltf/MaterialInstances_SG/MI_Translucent_ClearCoat_TS.uexp" 675
"../../../Engine/Plugins/Interchange/Runtime/Content/gltf/MaterialInstances_SG/MI_Translucent_ClearCoat.uasset" 676
"../../../Engine/Plugins/Interchange/Runtime/Content/gltf/MaterialInstances_SG/MI_Translucent_ClearCoat.uexp" 677
"../../../Engine/Plugins/Interchange/Runtime/Content/gltf/MaterialInstances_SG/MI_Translucent.uasset" 678
"../../../Engine/Plugins/Interchange/Runtime/Content/gltf/MaterialInstances_SG/MI_Translucent.uexp" 679
"../../../Engine/Plugins/Interchange/Runtime/Content/gltf/MaterialInstances_SG/MI_Opaque_TS.uasset" 680
"../../../Engine/Plugins/Interchange/Runtime/Content/gltf/MaterialInstances_SG/MI_Opaque_TS.uexp" 681
"../../../Engine/Plugins/Interchange/Runtime/Content/gltf/MaterialInstances_SG/MI_Opaque_Sheen_TS.uasset" 682
"../../../Engine/Plugins/Interchange/Runtime/Content/gltf/MaterialInstances_SG/MI_Opaque_Sheen_TS.uexp" 683
"../../../Engine/Plugins/Interchange/Runtime/Content/gltf/MaterialInstances_SG/MI_Opaque_Sheen.uasset" 684
"../../../Engine/Plugins/Interchange/Runtime/Content/gltf/MaterialInstances_SG/MI_Opaque_Sheen.uexp" 685
"../../../Engine/Plugins/Interchange/Runtime/Content/gltf/MaterialInstances_SG/MI_Opaque_ClearCoat_TS.uasset" 686
"../../../Engine/Plugins/Interchange/Runtime/Content/gltf/MaterialInstances_SG/MI_Opaque_ClearCoat_TS.uexp" 687
"../../../Engine/Plugins/Interchange/Runtime/Content/gltf/MaterialInstances_SG/MI_Opaque_ClearCoat.uasset" 688
"../../../Engine/Plugins/Interchange/Runtime/Content/gltf/MaterialInstances_SG/MI_Opaque_ClearCoat.uexp" 689
"../../../Engine/Plugins/Interchange/Runtime/Content/gltf/MaterialInstances_SG/MI_Opaque.uasset" 690
"../../../Engine/Plugins/Interchange/Runtime/Content/gltf/MaterialInstances_SG/MI_Opaque.uexp" 691
"../../../Engine/Plugins/Interchange/Runtime/Content/gltf/Textures/T_Gray_Linear.uasset" 692
"../../../Engine/Plugins/Interchange/Runtime/Content/gltf/Textures/T_Gray_Linear.uexp" 693
"../../../Engine/Plugins/Interchange/Runtime/Content/gltf/Textures/T_Black_srgb.uasset" 694
"../../../Engine/Plugins/Interchange/Runtime/Content/gltf/Textures/T_Black_srgb.uexp" 695
"../../../Engine/Plugins/Interchange/Runtime/Content/Materials/UnlitMaterial.uasset" 696
"../../../Engine/Plugins/Interchange/Runtime/Content/Materials/UnlitMaterial.uexp" 697
"../../../Engine/Content/EngineMaterials/DefaultNormal.ubulk" 698
"../../../Engine/Content/EngineMaterials/DefaultNormal.uasset" 699
"../../../Engine/Content/EngineMaterials/DefaultNormal.uexp" 700
"../../../Engine/Plugins/Interchange/Runtime/Content/Materials/MapOrScalarFunction.uasset" 701
"../../../Engine/Plugins/Interchange/Runtime/Content/Materials/MapOrScalarFunction.uexp" 702
"../../../Engine/Plugins/Interchange/Runtime/Content/Materials/MapOrLinearColorFunction.uasset" 703
"../../../Engine/Plugins/Interchange/Runtime/Content/Materials/MapOrLinearColorFunction.uexp" 704
"../../../Engine/Plugins/Interchange/Runtime/Content/Materials/MapOrColorFunction.uasset" 705
"../../../Engine/Plugins/Interchange/Runtime/Content/Materials/MapOrColorFunction.uexp" 706
"../../../Engine/Plugins/Interchange/Runtime/Content/Materials/CommonMaterial.uasset" 707
"../../../Engine/Plugins/Interchange/Runtime/Content/Materials/CommonMaterial.uexp" 708
"../../../Engine/Plugins/Interchange/Runtime/Content/Materials/PBRSurfaceFunction.uasset" 709
"../../../Engine/Plugins/Interchange/Runtime/Content/Materials/PBRSurfaceFunction.uexp" 710
"../../../Engine/Plugins/Interchange/Runtime/Content/Materials/ThinTranslucentMaterial.uasset" 711
"../../../Engine/Plugins/Interchange/Runtime/Content/Materials/ThinTranslucentMaterial.uexp" 712
"../../../Engine/Plugins/Interchange/Runtime/Content/Materials/SubsurfaceMaterial.uasset" 713
"../../../Engine/Plugins/Interchange/Runtime/Content/Materials/SubsurfaceMaterial.uexp" 714
"../../../Engine/Plugins/Interchange/Runtime/Content/Materials/SheenMaterial.uasset" 715
"../../../Engine/Plugins/Interchange/Runtime/Content/Materials/SheenMaterial.uexp" 716
"../../../Engine/Content/Functions/Engine_MaterialFunctions01/Shading/ConvertFromDiffSpec.uasset" 717
"../../../Engine/Content/Functions/Engine_MaterialFunctions01/Shading/ConvertFromDiffSpec.uexp" 718
"../../../Engine/Plugins/Interchange/Runtime/Content/Materials/PhongSurfaceMaterial.uasset" 719
"../../../Engine/Plugins/Interchange/Runtime/Content/Materials/PhongSurfaceMaterial.uexp" 720
"../../../Engine/Plugins/Interchange/Runtime/Content/Materials/PBRSurfaceMaterial.uasset" 721
"../../../Engine/Plugins/Interchange/Runtime/Content/Materials/PBRSurfaceMaterial.uexp" 722
"../../../Engine/Content/EngineMaterials/FlatNormal.uasset" 723
"../../../Engine/Content/EngineMaterials/FlatNormal.uexp" 724
"../../../Engine/Content/EditorLandscapeResources/WhiteSquareTexture.uasset" 725
"../../../Engine/Content/EditorLandscapeResources/WhiteSquareTexture.uexp" 726
"../../../Engine/Plugins/Interchange/Runtime/Content/Materials/OrenNayerMaterial.uasset" 727
"../../../Engine/Plugins/Interchange/Runtime/Content/Materials/OrenNayerMaterial.uexp" 728
"../../../Engine/Plugins/Interchange/Runtime/Content/Materials/LambertSurfaceMaterial.uasset" 729
"../../../Engine/Plugins/Interchange/Runtime/Content/Materials/LambertSurfaceMaterial.uexp" 730
"../../../Engine/Plugins/Interchange/Runtime/Content/Materials/ClearCoatMaterial.uasset" 731
"../../../Engine/Plugins/Interchange/Runtime/Content/Materials/ClearCoatMaterial.uexp" 732
"../../../Engine/Plugins/Interchange/Runtime/Content/Pipelines/DefaultTexturePipeline.uasset" 733
"../../../Engine/Plugins/Interchange/Runtime/Content/Pipelines/DefaultTexturePipeline.uexp" 734
"../../../Engine/Plugins/Interchange/Runtime/Content/Pipelines/DefaultSceneLevelPipeline.uasset" 735
"../../../Engine/Plugins/Interchange/Runtime/Content/Pipelines/DefaultSceneLevelPipeline.uexp" 736
"../../../Engine/Plugins/Interchange/Runtime/Content/Pipelines/DefaultSceneAssetsPipeline.uasset" 737
"../../../Engine/Plugins/Interchange/Runtime/Content/Pipelines/DefaultSceneAssetsPipeline.uexp" 738
"../../../Engine/Plugins/Interchange/Runtime/Content/Pipelines/DefaultMaterialPipeline.uasset" 739
"../../../Engine/Plugins/Interchange/Runtime/Content/Pipelines/DefaultMaterialPipeline.uexp" 740
"../../../Engine/Plugins/Interchange/Runtime/Content/Pipelines/DefaultAssetsPipeline.uasset" 741
"../../../Engine/Plugins/Interchange/Runtime/Content/Pipelines/DefaultAssetsPipeline.uexp" 742
"../../../Engine/Plugins/Runtime/MeshModelingToolset/Content/Materials/M_DynamicMeshComponentVtxColor.uasset" 743
"../../../Engine/Plugins/Runtime/MeshModelingToolset/Content/Materials/M_DynamicMeshComponentVtxColor.uexp" 744
"../../../Engine/Content/EditorBlueprintResources/StandardMacros.uasset" 745
"../../../Engine/Content/EditorBlueprintResources/StandardMacros.uexp" 746
"C:/Users/camil/Documents/Unreal Projects/Car_market/Content/Assets/sprites/png/run/Run__8_.uasset" 747
"C:/Users/camil/Documents/Unreal Projects/Car_market/Content/Assets/sprites/png/run/Run__8_.uexp" 748
"../../../Engine/Plugins/2D/Paper2D/Content/TranslucentUnlitSpriteMaterial.uasset" 749
"../../../Engine/Plugins/2D/Paper2D/Content/TranslucentUnlitSpriteMaterial.uexp" 750
"C:/Users/camil/Documents/Unreal Projects/Car_market/Content/Assets/sprites/png/run/Run__8__Sprite.uasset" 751
"C:/Users/camil/Documents/Unreal Projects/Car_market/Content/Assets/sprites/png/run/Run__8__Sprite.uexp" 752
"C:/Users/camil/Documents/Unreal Projects/Car_market/Content/Assets/sprites/png/run/Run__7_.uasset" 753
"C:/Users/camil/Documents/Unreal Projects/Car_market/Content/Assets/sprites/png/run/Run__7_.uexp" 754
"C:/Users/camil/Documents/Unreal Projects/Car_market/Content/Assets/sprites/png/run/Run__7__Sprite.uasset" 755
"C:/Users/camil/Documents/Unreal Projects/Car_market/Content/Assets/sprites/png/run/Run__7__Sprite.uexp" 756
"C:/Users/camil/Documents/Unreal Projects/Car_market/Content/Assets/sprites/png/run/Run__6_.uasset" 757
"C:/Users/camil/Documents/Unreal Projects/Car_market/Content/Assets/sprites/png/run/Run__6_.uexp" 758
"C:/Users/camil/Documents/Unreal Projects/Car_market/Content/Assets/sprites/png/run/Run__6__Sprite.uasset" 759
"C:/Users/camil/Documents/Unreal Projects/Car_market/Content/Assets/sprites/png/run/Run__6__Sprite.uexp" 760
"C:/Users/camil/Documents/Unreal Projects/Car_market/Content/Assets/sprites/png/run/Run__5_.uasset" 761
"C:/Users/camil/Documents/Unreal Projects/Car_market/Content/Assets/sprites/png/run/Run__5_.uexp" 762
"C:/Users/camil/Documents/Unreal Projects/Car_market/Content/Assets/sprites/png/run/Run__5__Sprite.uasset" 763
"C:/Users/camil/Documents/Unreal Projects/Car_market/Content/Assets/sprites/png/run/Run__5__Sprite.uexp" 764
"C:/Users/camil/Documents/Unreal Projects/Car_market/Content/Assets/sprites/png/run/Run__4_.uasset" 765
"C:/Users/camil/Documents/Unreal Projects/Car_market/Content/Assets/sprites/png/run/Run__4_.uexp" 766
"C:/Users/camil/Documents/Unreal Projects/Car_market/Content/Assets/sprites/png/run/Run__4__Sprite.uasset" 767
"C:/Users/camil/Documents/Unreal Projects/Car_market/Content/Assets/sprites/png/run/Run__4__Sprite.uexp" 768
"C:/Users/camil/Documents/Unreal Projects/Car_market/Content/Assets/sprites/png/run/Run__3_.uasset" 769
"C:/Users/camil/Documents/Unreal Projects/Car_market/Content/Assets/sprites/png/run/Run__3_.uexp" 770
"C:/Users/camil/Documents/Unreal Projects/Car_market/Content/Assets/sprites/png/run/Run__3__Sprite.uasset" 771
"C:/Users/camil/Documents/Unreal Projects/Car_market/Content/Assets/sprites/png/run/Run__3__Sprite.uexp" 772
"C:/Users/camil/Documents/Unreal Projects/Car_market/Content/Assets/sprites/png/run/Run__2_.uasset" 773
"C:/Users/camil/Documents/Unreal Projects/Car_market/Content/Assets/sprites/png/run/Run__2_.uexp" 774
"C:/Users/camil/Documents/Unreal Projects/Car_market/Content/Assets/sprites/png/run/Run__2__Sprite.uasset" 775
"C:/Users/camil/Documents/Unreal Projects/Car_market/Content/Assets/sprites/png/run/Run__2__Sprite.uexp" 776
"C:/Users/camil/Documents/Unreal Projects/Car_market/Content/Assets/sprites/png/run/Run__1_.uasset" 777
"C:/Users/camil/Documents/Unreal Projects/Car_market/Content/Assets/sprites/png/run/Run__1_.uexp" 778
"C:/Users/camil/Documents/Unreal Projects/Car_market/Content/Assets/sprites/png/run/Run__1__Sprite.uasset" 779
"C:/Users/camil/Documents/Unreal Projects/Car_market/Content/Assets/sprites/png/run/Run__1__Sprite.uexp" 780
"C:/Users/camil/Documents/Unreal Projects/Car_market/Content/Assets/sprites/png/run/FB_run.uasset" 781
"C:/Users/camil/Documents/Unreal Projects/Car_market/Content/Assets/sprites/png/run/FB_run.uexp" 782
"C:/Users/camil/Documents/Unreal Projects/Car_market/Content/Assets/sprites/png/jump/Jump__5_.uasset" 783
"C:/Users/camil/Documents/Unreal Projects/Car_market/Content/Assets/sprites/png/jump/Jump__5_.uexp" 784
"C:/Users/camil/Documents/Unreal Projects/Car_market/Content/Assets/sprites/png/jump/Jump__5__Sprite.uasset" 785
"C:/Users/camil/Documents/Unreal Projects/Car_market/Content/Assets/sprites/png/jump/Jump__5__Sprite.uexp" 786
"C:/Users/camil/Documents/Unreal Projects/Car_market/Content/Assets/sprites/png/jump/Jump__4_.uasset" 787
"C:/Users/camil/Documents/Unreal Projects/Car_market/Content/Assets/sprites/png/jump/Jump__4_.uexp" 788
"C:/Users/camil/Documents/Unreal Projects/Car_market/Content/Assets/sprites/png/jump/Jump__4__Sprite.uasset" 789
"C:/Users/camil/Documents/Unreal Projects/Car_market/Content/Assets/sprites/png/jump/Jump__4__Sprite.uexp" 790
"C:/Users/camil/Documents/Unreal Projects/Car_market/Content/Assets/sprites/png/jump/Jump__3_.uasset" 791
"C:/Users/camil/Documents/Unreal Projects/Car_market/Content/Assets/sprites/png/jump/Jump__3_.uexp" 792
"C:/Users/camil/Documents/Unreal Projects/Car_market/Content/Assets/sprites/png/jump/Jump__3__Sprite.uasset" 793
"C:/Users/camil/Documents/Unreal Projects/Car_market/Content/Assets/sprites/png/jump/Jump__3__Sprite.uexp" 794
"C:/Users/camil/Documents/Unreal Projects/Car_market/Content/Assets/sprites/png/jump/Jump__2_.uasset" 795
"C:/Users/camil/Documents/Unreal Projects/Car_market/Content/Assets/sprites/png/jump/Jump__2_.uexp" 796
"C:/Users/camil/Documents/Unreal Projects/Car_market/Content/Assets/sprites/png/jump/Jump__2__Sprite.uasset" 797
"C:/Users/camil/Documents/Unreal Projects/Car_market/Content/Assets/sprites/png/jump/Jump__2__Sprite.uexp" 798
"C:/Users/camil/Documents/Unreal Projects/Car_market/Content/Assets/sprites/png/jump/Jump__1_.uasset" 799
"C:/Users/camil/Documents/Unreal Projects/Car_market/Content/Assets/sprites/png/jump/Jump__1_.uexp" 800
"C:/Users/camil/Documents/Unreal Projects/Car_market/Content/Assets/sprites/png/jump/Jump__1__Sprite.uasset" 801
"C:/Users/camil/Documents/Unreal Projects/Car_market/Content/Assets/sprites/png/jump/Jump__1__Sprite.uexp" 802
"C:/Users/camil/Documents/Unreal Projects/Car_market/Content/Assets/sprites/png/jump/FB_jump_up.uasset" 803
"C:/Users/camil/Documents/Unreal Projects/Car_market/Content/Assets/sprites/png/jump/FB_jump_up.uexp" 804
"C:/Users/camil/Documents/Unreal Projects/Car_market/Content/Assets/sprites/png/jump/Jump__9_.uasset" 805
"C:/Users/camil/Documents/Unreal Projects/Car_market/Content/Assets/sprites/png/jump/Jump__9_.uexp" 806
"C:/Users/camil/Documents/Unreal Projects/Car_market/Content/Assets/sprites/png/jump/Jump__9__Sprite.uasset" 807
"C:/Users/camil/Documents/Unreal Projects/Car_market/Content/Assets/sprites/png/jump/Jump__9__Sprite.uexp" 808
"C:/Users/camil/Documents/Unreal Projects/Car_market/Content/Assets/sprites/png/jump/Jump__8_.uasset" 809
"C:/Users/camil/Documents/Unreal Projects/Car_market/Content/Assets/sprites/png/jump/Jump__8_.uexp" 810
"C:/Users/camil/Documents/Unreal Projects/Car_market/Content/Assets/sprites/png/jump/Jump__8__Sprite.uasset" 811
"C:/Users/camil/Documents/Unreal Projects/Car_market/Content/Assets/sprites/png/jump/Jump__8__Sprite.uexp" 812
"C:/Users/camil/Documents/Unreal Projects/Car_market/Content/Assets/sprites/png/jump/Jump__7_.uasset" 813
"C:/Users/camil/Documents/Unreal Projects/Car_market/Content/Assets/sprites/png/jump/Jump__7_.uexp" 814
"C:/Users/camil/Documents/Unreal Projects/Car_market/Content/Assets/sprites/png/jump/Jump__7__Sprite.uasset" 815
"C:/Users/camil/Documents/Unreal Projects/Car_market/Content/Assets/sprites/png/jump/Jump__7__Sprite.uexp" 816
"C:/Users/camil/Documents/Unreal Projects/Car_market/Content/Assets/sprites/png/jump/Jump__6_.uasset" 817
"C:/Users/camil/Documents/Unreal Projects/Car_market/Content/Assets/sprites/png/jump/Jump__6_.uexp" 818
"C:/Users/camil/Documents/Unreal Projects/Car_market/Content/Assets/sprites/png/jump/Jump__6__Sprite.uasset" 819
"C:/Users/camil/Documents/Unreal Projects/Car_market/Content/Assets/sprites/png/jump/Jump__6__Sprite.uexp" 820
"C:/Users/camil/Documents/Unreal Projects/Car_market/Content/Assets/sprites/png/jump/Jump__10_.uasset" 821
"C:/Users/camil/Documents/Unreal Projects/Car_market/Content/Assets/sprites/png/jump/Jump__10_.uexp" 822
"C:/Users/camil/Documents/Unreal Projects/Car_market/Content/Assets/sprites/png/jump/Jump__10__Sprite.uasset" 823
"C:/Users/camil/Documents/Unreal Projects/Car_market/Content/Assets/sprites/png/jump/Jump__10__Sprite.uexp" 824
"C:/Users/camil/Documents/Unreal Projects/Car_market/Content/Assets/sprites/png/jump/FB_jump_fall.uasset" 825
"C:/Users/camil/Documents/Unreal Projects/Car_market/Content/Assets/sprites/png/jump/FB_jump_fall.uexp" 826
"C:/Users/camil/Documents/Unreal Projects/Car_market/Content/Assets/sprites/png/idle/Idle__9_.uasset" 827
"C:/Users/camil/Documents/Unreal Projects/Car_market/Content/Assets/sprites/png/idle/Idle__9_.uexp" 828
"C:/Users/camil/Documents/Unreal Projects/Car_market/Content/Assets/sprites/png/idle/Idle__9__Sprite.uasset" 829
"C:/Users/camil/Documents/Unreal Projects/Car_market/Content/Assets/sprites/png/idle/Idle__9__Sprite.uexp" 830
"C:/Users/camil/Documents/Unreal Projects/Car_market/Content/Assets/sprites/png/idle/Idle__8_.uasset" 831
"C:/Users/camil/Documents/Unreal Projects/Car_market/Content/Assets/sprites/png/idle/Idle__8_.uexp" 832
"C:/Users/camil/Documents/Unreal Projects/Car_market/Content/Assets/sprites/png/idle/Idle__8__Sprite.uasset" 833
"C:/Users/camil/Documents/Unreal Projects/Car_market/Content/Assets/sprites/png/idle/Idle__8__Sprite.uexp" 834
"C:/Users/camil/Documents/Unreal Projects/Car_market/Content/Assets/sprites/png/idle/Idle__7_.uasset" 835
"C:/Users/camil/Documents/Unreal Projects/Car_market/Content/Assets/sprites/png/idle/Idle__7_.uexp" 836
"C:/Users/camil/Documents/Unreal Projects/Car_market/Content/Assets/sprites/png/idle/Idle__7__Sprite.uasset" 837
"C:/Users/camil/Documents/Unreal Projects/Car_market/Content/Assets/sprites/png/idle/Idle__7__Sprite.uexp" 838
"C:/Users/camil/Documents/Unreal Projects/Car_market/Content/Assets/sprites/png/idle/Idle__6_.uasset" 839
"C:/Users/camil/Documents/Unreal Projects/Car_market/Content/Assets/sprites/png/idle/Idle__6_.uexp" 840
"C:/Users/camil/Documents/Unreal Projects/Car_market/Content/Assets/sprites/png/idle/Idle__6__Sprite.uasset" 841
"C:/Users/camil/Documents/Unreal Projects/Car_market/Content/Assets/sprites/png/idle/Idle__6__Sprite.uexp" 842
"C:/Users/camil/Documents/Unreal Projects/Car_market/Content/Assets/sprites/png/idle/Idle__5_.uasset" 843
"C:/Users/camil/Documents/Unreal Projects/Car_market/Content/Assets/sprites/png/idle/Idle__5_.uexp" 844
"C:/Users/camil/Documents/Unreal Projects/Car_market/Content/Assets/sprites/png/idle/Idle__5__Sprite.uasset" 845
"C:/Users/camil/Documents/Unreal Projects/Car_market/Content/Assets/sprites/png/idle/Idle__5__Sprite.uexp" 846
"C:/Users/camil/Documents/Unreal Projects/Car_market/Content/Assets/sprites/png/idle/Idle__4_.uasset" 847
"C:/Users/camil/Documents/Unreal Projects/Car_market/Content/Assets/sprites/png/idle/Idle__4_.uexp" 848
"C:/Users/camil/Documents/Unreal Projects/Car_market/Content/Assets/sprites/png/idle/Idle__4__Sprite.uasset" 849
"C:/Users/camil/Documents/Unreal Projects/Car_market/Content/Assets/sprites/png/idle/Idle__4__Sprite.uexp" 850
"C:/Users/camil/Documents/Unreal Projects/Car_market/Content/Assets/sprites/png/idle/Idle__3_.uasset" 851
"C:/Users/camil/Documents/Unreal Projects/Car_market/Content/Assets/sprites/png/idle/Idle__3_.uexp" 852
"C:/Users/camil/Documents/Unreal Projects/Car_market/Content/Assets/sprites/png/idle/Idle__3__Sprite.uasset" 853
"C:/Users/camil/Documents/Unreal Projects/Car_market/Content/Assets/sprites/png/idle/Idle__3__Sprite.uexp" 854
"C:/Users/camil/Documents/Unreal Projects/Car_market/Content/Assets/sprites/png/idle/Idle__2_.uasset" 855
"C:/Users/camil/Documents/Unreal Projects/Car_market/Content/Assets/sprites/png/idle/Idle__2_.uexp" 856
"C:/Users/camil/Documents/Unreal Projects/Car_market/Content/Assets/sprites/png/idle/Idle__2__Sprite.uasset" 857
"C:/Users/camil/Documents/Unreal Projects/Car_market/Content/Assets/sprites/png/idle/Idle__2__Sprite.uexp" 858
"C:/Users/camil/Documents/Unreal Projects/Car_market/Content/Assets/sprites/png/idle/Idle__1_.uasset" 859
"C:/Users/camil/Documents/Unreal Projects/Car_market/Content/Assets/sprites/png/idle/Idle__1_.uexp" 860
"C:/Users/camil/Documents/Unreal Projects/Car_market/Content/Assets/sprites/png/idle/Idle__1__Sprite.uasset" 861
"C:/Users/camil/Documents/Unreal Projects/Car_market/Content/Assets/sprites/png/idle/Idle__1__Sprite.uexp" 862
"C:/Users/camil/Documents/Unreal Projects/Car_market/Content/Assets/sprites/png/idle/Idle__10_.uasset" 863
"C:/Users/camil/Documents/Unreal Projects/Car_market/Content/Assets/sprites/png/idle/Idle__10_.uexp" 864
"C:/Users/camil/Documents/Unreal Projects/Car_market/Content/Assets/sprites/png/idle/Idle__10__Sprite.uasset" 865
"C:/Users/camil/Documents/Unreal Projects/Car_market/Content/Assets/sprites/png/idle/Idle__10__Sprite.uexp" 866
"C:/Users/camil/Documents/Unreal Projects/Car_market/Content/Assets/sprites/png/idle/FB_idle.uasset" 867
"C:/Users/camil/Documents/Unreal Projects/Car_market/Content/Assets/sprites/png/idle/FB_idle.uexp" 868
"C:/Users/camil/Documents/Unreal Projects/Car_market/Content/Blueprints/start/BP_player.uasset" 869
"C:/Users/camil/Documents/Unreal Projects/Car_market/Content/Blueprints/start/BP_player.uexp" 870
"C:/Users/camil/Documents/Unreal Projects/Car_market/Content/Blueprints/start/GM_movement_controller.uasset" 871
"C:/Users/camil/Documents/Unreal Projects/Car_market/Content/Blueprints/start/GM_movement_controller.uexp" 872
"../../../Engine/Content/Maps/Entry_BuiltData.uasset" 873
"../../../Engine/Content/Maps/Entry_BuiltData.uexp" 874
"../../../Engine/Content/Maps/Entry.uexp" 875
"../../../Engine/Content/Maps/Entry.umap" 876
"C:/Users/camil/Documents/Unreal Projects/Car_market/Content/Blueprints/accessories/BP_accessory.uasset" 877
"C:/Users/camil/Documents/Unreal Projects/Car_market/Content/Blueprints/accessories/BP_accessory.uexp" 878
"C:/Users/camil/Documents/Unreal Projects/Car_market/Content/Assets/fonts/Minecraft.uexp" 879
"C:/Users/camil/Documents/Unreal Projects/Car_market/Content/Assets/fonts/Minecraft.uasset" 880
"C:/Users/camil/Documents/Unreal Projects/Car_market/Content/Assets/fonts/Minecraft.ufont" 881
"C:/Users/camil/Documents/Unreal Projects/Car_market/Content/Assets/fonts/Minecraft_Font.uasset" 882
"C:/Users/camil/Documents/Unreal Projects/Car_market/Content/Assets/fonts/Minecraft_Font.uexp" 883
"C:/Users/camil/Documents/Unreal Projects/Car_market/Content/Blueprints/car/BP_enum_car.uasset" 884
"C:/Users/camil/Documents/Unreal Projects/Car_market/Content/Blueprints/car/BP_enum_car.uexp" 885
"C:/Users/camil/Documents/Unreal Projects/Car_market/Content/Blueprints/car/BP_Car.uasset" 886
"C:/Users/camil/Documents/Unreal Projects/Car_market/Content/Blueprints/car/BP_Car.uexp" 887
"C:/Users/camil/Documents/Unreal Projects/Car_market/Content/Blueprints/car/BP_UI_change_btn.uasset" 888
"C:/Users/camil/Documents/Unreal Projects/Car_market/Content/Blueprints/car/BP_UI_change_btn.uexp" 889
"C:/Users/camil/Documents/Unreal Projects/Car_market/Content/Blueprints/car/BP_struc_car.uasset" 890
"C:/Users/camil/Documents/Unreal Projects/Car_market/Content/Blueprints/car/BP_struc_car.uexp" 891
"C:/Users/camil/Documents/Unreal Projects/Car_market/Content/Assets/sprites/cars/7506605_-_Edited__3_.uasset" 892
"C:/Users/camil/Documents/Unreal Projects/Car_market/Content/Assets/sprites/cars/7506605_-_Edited__3_.uexp" 893
"C:/Users/camil/Documents/Unreal Projects/Car_market/Content/Assets/sprites/2_Dog_2/Idle.uasset" 894
"C:/Users/camil/Documents/Unreal Projects/Car_market/Content/Assets/sprites/2_Dog_2/Idle.uexp" 895
"C:/Users/camil/Documents/Unreal Projects/Car_market/Content/Assets/sprites/2_Dog_2/Idle_Sprite_0.uasset" 896
"C:/Users/camil/Documents/Unreal Projects/Car_market/Content/Assets/sprites/2_Dog_2/Idle_Sprite_0.uexp" 897
"C:/Users/camil/Documents/Unreal Projects/Car_market/Content/Assets/sprites/2_Dog_2/Idle_Sprite_1.uasset" 898
"C:/Users/camil/Documents/Unreal Projects/Car_market/Content/Assets/sprites/2_Dog_2/Idle_Sprite_1.uexp" 899
"C:/Users/camil/Documents/Unreal Projects/Car_market/Content/Assets/sprites/2_Dog_2/Idle_Sprite_2.uasset" 900
"C:/Users/camil/Documents/Unreal Projects/Car_market/Content/Assets/sprites/2_Dog_2/Idle_Sprite_2.uexp" 901
"C:/Users/camil/Documents/Unreal Projects/Car_market/Content/Assets/sprites/2_Dog_2/Idle_Sprite_3.uasset" 902
"C:/Users/camil/Documents/Unreal Projects/Car_market/Content/Assets/sprites/2_Dog_2/Idle_Sprite_3.uexp" 903
"C:/Users/camil/Documents/Unreal Projects/Car_market/Content/Assets/sprites/2_Dog_2/fb_DOG.uasset" 904
"C:/Users/camil/Documents/Unreal Projects/Car_market/Content/Assets/sprites/2_Dog_2/fb_DOG.uexp" 905
"C:/Users/camil/Documents/Unreal Projects/Car_market/Content/Assets/sprites/cars/7506605_-_Edited__1_.uasset" 906
"C:/Users/camil/Documents/Unreal Projects/Car_market/Content/Assets/sprites/cars/7506605_-_Edited__1_.uexp" 907
"C:/Users/camil/Documents/Unreal Projects/Car_market/Content/Assets/sprites/2_Dog_2/Captura_da_Web_23-2-2023_123331_www_freepik_com.uasset" 908
"C:/Users/camil/Documents/Unreal Projects/Car_market/Content/Assets/sprites/2_Dog_2/Captura_da_Web_23-2-2023_123331_www_freepik_com.uexp" 909
"C:/Users/camil/Documents/Unreal Projects/Car_market/Content/Assets/sprites/cars/7506605_-_Edited.uasset" 910
"C:/Users/camil/Documents/Unreal Projects/Car_market/Content/Assets/sprites/cars/7506605_-_Edited.uexp" 911
"C:/Users/camil/Documents/Unreal Projects/Car_market/Content/Assets/sprites/cars/7506605_-_Edited_Sprite_9.uasset" 912
"C:/Users/camil/Documents/Unreal Projects/Car_market/Content/Assets/sprites/cars/7506605_-_Edited_Sprite_9.uexp" 913
"C:/Users/camil/Documents/Unreal Projects/Car_market/Content/Assets/sprites/cars/7506605_-_Edited_Sprite_13.uasset" 914
"C:/Users/camil/Documents/Unreal Projects/Car_market/Content/Assets/sprites/cars/7506605_-_Edited_Sprite_13.uexp" 915
"C:/Users/camil/Documents/Unreal Projects/Car_market/Content/Assets/sprites/cars/7506605_-_Edited_Sprite_24.uasset" 916
"C:/Users/camil/Documents/Unreal Projects/Car_market/Content/Assets/sprites/cars/7506605_-_Edited_Sprite_24.uexp" 917
"C:/Users/camil/Documents/Unreal Projects/Car_market/Content/Assets/sprites/Captura_da_Web_23-2-2023_124140_www_freepik_com.uasset" 918
"C:/Users/camil/Documents/Unreal Projects/Car_market/Content/Assets/sprites/Captura_da_Web_23-2-2023_124140_www_freepik_com.uexp" 919
"C:/Users/camil/Documents/Unreal Projects/Car_market/Content/Assets/sprites/cars/7506605_-_Edited__2_.uasset" 920
"C:/Users/camil/Documents/Unreal Projects/Car_market/Content/Assets/sprites/cars/7506605_-_Edited__2_.uexp" 921
"C:/Users/camil/Documents/Unreal Projects/Car_market/Content/Assets/sprites/3_Cat/Captura_da_Web_23-2-2023_123133_www_freepik_com.uasset" 922
"C:/Users/camil/Documents/Unreal Projects/Car_market/Content/Assets/sprites/3_Cat/Captura_da_Web_23-2-2023_123133_www_freepik_com.uexp" 923
"C:/Users/camil/Documents/Unreal Projects/Car_market/Content/Assets/sprites/3_Cat/Idle.uasset" 924
"C:/Users/camil/Documents/Unreal Projects/Car_market/Content/Assets/sprites/3_Cat/Idle.uexp" 925
"C:/Users/camil/Documents/Unreal Projects/Car_market/Content/Assets/sprites/3_Cat/Idle_Sprite_0.uasset" 926
"C:/Users/camil/Documents/Unreal Projects/Car_market/Content/Assets/sprites/3_Cat/Idle_Sprite_0.uexp" 927
"C:/Users/camil/Documents/Unreal Projects/Car_market/Content/Assets/sprites/3_Cat/Idle_Sprite_1.uasset" 928
"C:/Users/camil/Documents/Unreal Projects/Car_market/Content/Assets/sprites/3_Cat/Idle_Sprite_1.uexp" 929
"C:/Users/camil/Documents/Unreal Projects/Car_market/Content/Assets/sprites/3_Cat/Idle_Sprite_2.uasset" 930
"C:/Users/camil/Documents/Unreal Projects/Car_market/Content/Assets/sprites/3_Cat/Idle_Sprite_2.uexp" 931
"C:/Users/camil/Documents/Unreal Projects/Car_market/Content/Assets/sprites/3_Cat/Idle_Sprite_3.uasset" 932
"C:/Users/camil/Documents/Unreal Projects/Car_market/Content/Assets/sprites/3_Cat/Idle_Sprite_3.uexp" 933
"C:/Users/camil/Documents/Unreal Projects/Car_market/Content/Assets/sprites/3_Cat/FB_cat.uasset" 934
"C:/Users/camil/Documents/Unreal Projects/Car_market/Content/Assets/sprites/3_Cat/FB_cat.uexp" 935
"C:/Users/camil/Documents/Unreal Projects/Car_market/Content/Blueprints/car/DT_car.uasset" 936
"C:/Users/camil/Documents/Unreal Projects/Car_market/Content/Blueprints/car/DT_car.uexp" 937
"C:/Users/camil/Documents/Unreal Projects/Car_market/Content/Blueprints/car/BP_widget.uasset" 938
"C:/Users/camil/Documents/Unreal Projects/Car_market/Content/Blueprints/car/BP_widget.uexp" 939
"C:/Users/camil/Documents/Unreal Projects/Car_market/Content/Blueprints/start/BP_interface.uasset" 940
"C:/Users/camil/Documents/Unreal Projects/Car_market/Content/Blueprints/start/BP_interface.uexp" 941
"C:/Users/camil/Documents/Unreal Projects/Car_market/Content/Maps/start/4.ubulk" 942
"C:/Users/camil/Documents/Unreal Projects/Car_market/Content/Maps/start/4.uasset" 943
"C:/Users/camil/Documents/Unreal Projects/Car_market/Content/Maps/start/4.uexp" 944
"C:/Users/camil/Documents/Unreal Projects/Car_market/Content/Maps/start/4_Sprite.uasset" 945
"C:/Users/camil/Documents/Unreal Projects/Car_market/Content/Maps/start/4_Sprite.uexp" 946
"C:/Users/camil/Documents/Unreal Projects/Car_market/Content/Blueprints/start/BP_wood_sign.uasset" 947
"C:/Users/camil/Documents/Unreal Projects/Car_market/Content/Blueprints/start/BP_wood_sign.uexp" 948
"C:/Users/camil/Documents/Unreal Projects/Car_market/Content/Maps/start/Maps_start_BuiltData.uasset" 949
"C:/Users/camil/Documents/Unreal Projects/Car_market/Content/Maps/start/Maps_start_BuiltData.uexp" 950
"C:/Users/camil/Documents/Unreal Projects/Car_market/Content/Maps/start/tileset.uasset" 951
"C:/Users/camil/Documents/Unreal Projects/Car_market/Content/Maps/start/tileset.uexp" 952
"C:/Users/camil/Documents/Unreal Projects/Car_market/Content/Maps/start/tileset_TileSet.uasset" 953
"C:/Users/camil/Documents/Unreal Projects/Car_market/Content/Maps/start/tileset_TileSet.uexp" 954
"C:/Users/camil/Documents/Unreal Projects/Car_market/Content/Maps/start/caminho.uasset" 955
"C:/Users/camil/Documents/Unreal Projects/Car_market/Content/Maps/start/caminho.uexp" 956
"C:/Users/camil/Documents/Unreal Projects/Car_market/Content/Maps/start/middle.uasset" 957
"C:/Users/camil/Documents/Unreal Projects/Car_market/Content/Maps/start/middle.uexp" 958
"C:/Users/camil/Documents/Unreal Projects/Car_market/Content/Maps/start/middle_Sprite.uasset" 959
"C:/Users/camil/Documents/Unreal Projects/Car_market/Content/Maps/start/middle_Sprite.uexp" 960
"C:/Users/camil/Documents/Unreal Projects/Car_market/Content/Maps/start/back.uasset" 961
"C:/Users/camil/Documents/Unreal Projects/Car_market/Content/Maps/start/back.uexp" 962
"C:/Users/camil/Documents/Unreal Projects/Car_market/Content/Maps/start/back_Sprite.uasset" 963
"C:/Users/camil/Documents/Unreal Projects/Car_market/Content/Maps/start/back_Sprite.uexp" 964
"C:/Users/camil/Documents/Unreal Projects/Car_market/Content/Maps/start/Maps_start.uexp" 965
"C:/Users/camil/Documents/Unreal Projects/Car_market/Content/Maps/start/Maps_start.umap" 966
